<?xml version="1.0" encoding="UTF-8"?>
<testsuite xmlns:xsi="http://www.w3.org/2001/XMLSchema-instance" xsi:noNamespaceSchemaLocation="https://maven.apache.org/surefire/maven-surefire-plugin/xsd/surefire-test-report-3.0.xsd" version="3.0" name="org.khr.ConfigTest" time="0.678" tests="2" errors="1" skipped="0" failures="0">
  <properties>
    <property name="java.specification.version" value="17"/>
    <property name="sun.cpu.isalist" value="amd64"/>
    <property name="sun.jnu.encoding" value="MS932"/>
    <property name="java.class.path" value="C:\Users\3031208\Desktop\dev\KK-RPC\kk-rpc-core\target\test-classes;C:\Users\3031208\Desktop\dev\KK-RPC\kk-rpc-core\target\classes;C:\Users\3031208\.m2\repository\io\vertx\vertx-core\4.5.1\vertx-core-4.5.1.jar;C:\Users\3031208\.m2\repository\io\netty\netty-common\4.1.103.Final\netty-common-4.1.103.Final.jar;C:\Users\3031208\.m2\repository\io\netty\netty-buffer\4.1.103.Final\netty-buffer-4.1.103.Final.jar;C:\Users\3031208\.m2\repository\io\netty\netty-transport\4.1.103.Final\netty-transport-4.1.103.Final.jar;C:\Users\3031208\.m2\repository\io\netty\netty-handler\4.1.103.Final\netty-handler-4.1.103.Final.jar;C:\Users\3031208\.m2\repository\io\netty\netty-transport-native-unix-common\4.1.103.Final\netty-transport-native-unix-common-4.1.103.Final.jar;C:\Users\3031208\.m2\repository\io\netty\netty-codec\4.1.103.Final\netty-codec-4.1.103.Final.jar;C:\Users\3031208\.m2\repository\io\netty\netty-handler-proxy\4.1.103.Final\netty-handler-proxy-4.1.103.Final.jar;C:\Users\3031208\.m2\repository\io\netty\netty-codec-socks\4.1.103.Final\netty-codec-socks-4.1.103.Final.jar;C:\Users\3031208\.m2\repository\io\netty\netty-codec-http\4.1.103.Final\netty-codec-http-4.1.103.Final.jar;C:\Users\3031208\.m2\repository\io\netty\netty-codec-http2\4.1.103.Final\netty-codec-http2-4.1.103.Final.jar;C:\Users\3031208\.m2\repository\io\netty\netty-resolver\4.1.103.Final\netty-resolver-4.1.103.Final.jar;C:\Users\3031208\.m2\repository\io\netty\netty-resolver-dns\4.1.103.Final\netty-resolver-dns-4.1.103.Final.jar;C:\Users\3031208\.m2\repository\io\netty\netty-codec-dns\4.1.103.Final\netty-codec-dns-4.1.103.Final.jar;C:\Users\3031208\.m2\repository\com\fasterxml\jackson\core\jackson-core\2.15.3\jackson-core-2.15.3.jar;C:\Users\3031208\.m2\repository\cn\hutool\hutool-all\5.8.16\hutool-all-5.8.16.jar;C:\Users\3031208\.m2\repository\org\yaml\snakeyaml\2.2\snakeyaml-2.2.jar;C:\Users\3031208\.m2\repository\ch\qos\logback\logback-classic\1.3.12\logback-classic-1.3.12.jar;C:\Users\3031208\.m2\repository\ch\qos\logback\logback-core\1.3.12\logback-core-1.3.12.jar;C:\Users\3031208\.m2\repository\org\slf4j\slf4j-api\2.0.7\slf4j-api-2.0.7.jar;C:\Users\3031208\.m2\repository\com\caucho\hessian\4.0.66\hessian-4.0.66.jar;C:\Users\3031208\.m2\repository\com\esotericsoftware\kryo\5.6.0\kryo-5.6.0.jar;C:\Users\3031208\.m2\repository\com\esotericsoftware\reflectasm\1.11.9\reflectasm-1.11.9.jar;C:\Users\3031208\.m2\repository\org\objenesis\objenesis\3.3\objenesis-3.3.jar;C:\Users\3031208\.m2\repository\com\esotericsoftware\minlog\1.3.1\minlog-1.3.1.jar;C:\Users\3031208\.m2\repository\org\reflections\reflections\0.10.2\reflections-0.10.2.jar;C:\Users\3031208\.m2\repository\org\javassist\javassist\3.28.0-GA\javassist-3.28.0-GA.jar;C:\Users\3031208\.m2\repository\com\google\code\findbugs\jsr305\3.0.2\jsr305-3.0.2.jar;C:\Users\3031208\.m2\repository\io\etcd\jetcd-core\0.7.7\jetcd-core-0.7.7.jar;C:\Users\3031208\.m2\repository\io\etcd\jetcd-grpc\0.7.7\jetcd-grpc-0.7.7.jar;C:\Users\3031208\.m2\repository\io\vertx\vertx-grpc\4.5.1\vertx-grpc-4.5.1.jar;C:\Users\3031208\.m2\repository\javax\annotation\javax.annotation-api\1.3.2\javax.annotation-api-1.3.2.jar;C:\Users\3031208\.m2\repository\io\grpc\grpc-core\1.60.0\grpc-core-1.60.0.jar;C:\Users\3031208\.m2\repository\io\grpc\grpc-api\1.60.0\grpc-api-1.60.0.jar;C:\Users\3031208\.m2\repository\io\perfmark\perfmark-api\0.26.0\perfmark-api-0.26.0.jar;C:\Users\3031208\.m2\repository\io\grpc\grpc-context\1.60.0\grpc-context-1.60.0.jar;C:\Users\3031208\.m2\repository\io\grpc\grpc-netty\1.60.0\grpc-netty-1.60.0.jar;C:\Users\3031208\.m2\repository\io\grpc\grpc-protobuf\1.60.0\grpc-protobuf-1.60.0.jar;C:\Users\3031208\.m2\repository\com\google\protobuf\protobuf-java\3.24.0\protobuf-java-3.24.0.jar;C:\Users\3031208\.m2\repository\com\google\api\grpc\proto-google-common-protos\2.22.0\proto-google-common-protos-2.22.0.jar;C:\Users\3031208\.m2\repository\io\grpc\grpc-protobuf-lite\1.60.0\grpc-protobuf-lite-1.60.0.jar;C:\Users\3031208\.m2\repository\io\grpc\grpc-stub\1.60.0\grpc-stub-1.60.0.jar;C:\Users\3031208\.m2\repository\io\grpc\grpc-grpclb\1.60.0\grpc-grpclb-1.60.0.jar;C:\Users\3031208\.m2\repository\com\google\protobuf\protobuf-java-util\3.24.0\protobuf-java-util-3.24.0.jar;C:\Users\3031208\.m2\repository\io\grpc\grpc-util\1.60.0\grpc-util-1.60.0.jar;C:\Users\3031208\.m2\repository\io\etcd\jetcd-api\0.7.7\jetcd-api-0.7.7.jar;C:\Users\3031208\.m2\repository\io\etcd\jetcd-common\0.7.7\jetcd-common-0.7.7.jar;C:\Users\3031208\.m2\repository\com\google\guava\guava\33.0.0-jre\guava-33.0.0-jre.jar;C:\Users\3031208\.m2\repository\com\google\guava\failureaccess\1.0.2\failureaccess-1.0.2.jar;C:\Users\3031208\.m2\repository\com\google\guava\listenablefuture\9999.0-empty-to-avoid-conflict-with-guava\listenablefuture-9999.0-empty-to-avoid-conflict-with-guava.jar;C:\Users\3031208\.m2\repository\org\checkerframework\checker-qual\3.41.0\checker-qual-3.41.0.jar;C:\Users\3031208\.m2\repository\dev\failsafe\failsafe\3.3.2\failsafe-3.3.2.jar;C:\Users\3031208\.m2\repository\org\apache\curator\curator-x-discovery\5.6.0\curator-x-discovery-5.6.0.jar;C:\Users\3031208\.m2\repository\org\apache\curator\curator-recipes\5.6.0\curator-recipes-5.6.0.jar;C:\Users\3031208\.m2\repository\org\apache\curator\curator-framework\5.6.0\curator-framework-5.6.0.jar;C:\Users\3031208\.m2\repository\org\apache\curator\curator-client\5.6.0\curator-client-5.6.0.jar;C:\Users\3031208\.m2\repository\org\apache\zookeeper\zookeeper\3.7.2\zookeeper-3.7.2.jar;C:\Users\3031208\.m2\repository\org\apache\zookeeper\zookeeper-jute\3.7.2\zookeeper-jute-3.7.2.jar;C:\Users\3031208\.m2\repository\org\apache\yetus\audience-annotations\0.12.0\audience-annotations-0.12.0.jar;C:\Users\3031208\.m2\repository\io\netty\netty-transport-native-epoll\4.1.94.Final\netty-transport-native-epoll-4.1.94.Final.jar;C:\Users\3031208\.m2\repository\io\netty\netty-transport-classes-epoll\4.1.94.Final\netty-transport-classes-epoll-4.1.94.Final.jar;C:\Users\3031208\.m2\repository\com\fasterxml\jackson\core\jackson-databind\2.13.5\jackson-databind-2.13.5.jar;C:\Users\3031208\.m2\repository\com\fasterxml\jackson\core\jackson-annotations\2.13.5\jackson-annotations-2.13.5.jar;C:\Users\3031208\.m2\repository\com\github\rholder\guava-retrying\2.0.0\guava-retrying-2.0.0.jar;C:\Users\3031208\.m2\repository\org\projectlombok\lombok\1.18.30\lombok-1.18.30.jar;C:\Users\3031208\.m2\repository\org\junit\jupiter\junit-jupiter\5.10.0\junit-jupiter-5.10.0.jar;C:\Users\3031208\.m2\repository\org\junit\jupiter\junit-jupiter-api\5.10.0\junit-jupiter-api-5.10.0.jar;C:\Users\3031208\.m2\repository\org\opentest4j\opentest4j\1.3.0\opentest4j-1.3.0.jar;C:\Users\3031208\.m2\repository\org\junit\platform\junit-platform-commons\1.10.0\junit-platform-commons-1.10.0.jar;C:\Users\3031208\.m2\repository\org\apiguardian\apiguardian-api\1.1.2\apiguardian-api-1.1.2.jar;C:\Users\3031208\.m2\repository\org\junit\jupiter\junit-jupiter-params\5.10.0\junit-jupiter-params-5.10.0.jar;C:\Users\3031208\.m2\repository\org\junit\jupiter\junit-jupiter-engine\5.10.0\junit-jupiter-engine-5.10.0.jar;C:\Users\3031208\.m2\repository\org\junit\platform\junit-platform-engine\1.10.0\junit-platform-engine-1.10.0.jar;"/>
    <property name="java.vm.vendor" value="Amazon.com Inc."/>
    <property name="sun.arch.data.model" value="64"/>
    <property name="user.variant" value=""/>
    <property name="java.vendor.url" value="https://aws.amazon.com/corretto/"/>
    <property name="user.timezone" value="Asia/Tokyo"/>
    <property name="os.name" value="Windows 11"/>
    <property name="java.vm.specification.version" value="17"/>
    <property name="sun.java.launcher" value="SUN_STANDARD"/>
    <property name="user.country" value="JP"/>
    <property name="sun.boot.library.path" value="C:\Users\3031208\.jdks\corretto-17.0.14\bin"/>
    <property name="sun.java.command" value="C:\Users\3031208\AppData\Local\Temp\surefire1573678653821863618\surefirebooter-20250423153345319_3.jar C:\Users\3031208\AppData\Local\Temp\surefire1573678653821863618 2025-04-23T15-33-44_136-jvmRun1 surefire-20250423153345319_1tmp surefire_0-20250423153345319_2tmp"/>
    <property name="jdk.debug" value="release"/>
    <property name="surefire.test.class.path" value="C:\Users\3031208\Desktop\dev\KK-RPC\kk-rpc-core\target\test-classes;C:\Users\3031208\Desktop\dev\KK-RPC\kk-rpc-core\target\classes;C:\Users\3031208\.m2\repository\io\vertx\vertx-core\4.5.1\vertx-core-4.5.1.jar;C:\Users\3031208\.m2\repository\io\netty\netty-common\4.1.103.Final\netty-common-4.1.103.Final.jar;C:\Users\3031208\.m2\repository\io\netty\netty-buffer\4.1.103.Final\netty-buffer-4.1.103.Final.jar;C:\Users\3031208\.m2\repository\io\netty\netty-transport\4.1.103.Final\netty-transport-4.1.103.Final.jar;C:\Users\3031208\.m2\repository\io\netty\netty-handler\4.1.103.Final\netty-handler-4.1.103.Final.jar;C:\Users\3031208\.m2\repository\io\netty\netty-transport-native-unix-common\4.1.103.Final\netty-transport-native-unix-common-4.1.103.Final.jar;C:\Users\3031208\.m2\repository\io\netty\netty-codec\4.1.103.Final\netty-codec-4.1.103.Final.jar;C:\Users\3031208\.m2\repository\io\netty\netty-handler-proxy\4.1.103.Final\netty-handler-proxy-4.1.103.Final.jar;C:\Users\3031208\.m2\repository\io\netty\netty-codec-socks\4.1.103.Final\netty-codec-socks-4.1.103.Final.jar;C:\Users\3031208\.m2\repository\io\netty\netty-codec-http\4.1.103.Final\netty-codec-http-4.1.103.Final.jar;C:\Users\3031208\.m2\repository\io\netty\netty-codec-http2\4.1.103.Final\netty-codec-http2-4.1.103.Final.jar;C:\Users\3031208\.m2\repository\io\netty\netty-resolver\4.1.103.Final\netty-resolver-4.1.103.Final.jar;C:\Users\3031208\.m2\repository\io\netty\netty-resolver-dns\4.1.103.Final\netty-resolver-dns-4.1.103.Final.jar;C:\Users\3031208\.m2\repository\io\netty\netty-codec-dns\4.1.103.Final\netty-codec-dns-4.1.103.Final.jar;C:\Users\3031208\.m2\repository\com\fasterxml\jackson\core\jackson-core\2.15.3\jackson-core-2.15.3.jar;C:\Users\3031208\.m2\repository\cn\hutool\hutool-all\5.8.16\hutool-all-5.8.16.jar;C:\Users\3031208\.m2\repository\org\yaml\snakeyaml\2.2\snakeyaml-2.2.jar;C:\Users\3031208\.m2\repository\ch\qos\logback\logback-classic\1.3.12\logback-classic-1.3.12.jar;C:\Users\3031208\.m2\repository\ch\qos\logback\logback-core\1.3.12\logback-core-1.3.12.jar;C:\Users\3031208\.m2\repository\org\slf4j\slf4j-api\2.0.7\slf4j-api-2.0.7.jar;C:\Users\3031208\.m2\repository\com\caucho\hessian\4.0.66\hessian-4.0.66.jar;C:\Users\3031208\.m2\repository\com\esotericsoftware\kryo\5.6.0\kryo-5.6.0.jar;C:\Users\3031208\.m2\repository\com\esotericsoftware\reflectasm\1.11.9\reflectasm-1.11.9.jar;C:\Users\3031208\.m2\repository\org\objenesis\objenesis\3.3\objenesis-3.3.jar;C:\Users\3031208\.m2\repository\com\esotericsoftware\minlog\1.3.1\minlog-1.3.1.jar;C:\Users\3031208\.m2\repository\org\reflections\reflections\0.10.2\reflections-0.10.2.jar;C:\Users\3031208\.m2\repository\org\javassist\javassist\3.28.0-GA\javassist-3.28.0-GA.jar;C:\Users\3031208\.m2\repository\com\google\code\findbugs\jsr305\3.0.2\jsr305-3.0.2.jar;C:\Users\3031208\.m2\repository\io\etcd\jetcd-core\0.7.7\jetcd-core-0.7.7.jar;C:\Users\3031208\.m2\repository\io\etcd\jetcd-grpc\0.7.7\jetcd-grpc-0.7.7.jar;C:\Users\3031208\.m2\repository\io\vertx\vertx-grpc\4.5.1\vertx-grpc-4.5.1.jar;C:\Users\3031208\.m2\repository\javax\annotation\javax.annotation-api\1.3.2\javax.annotation-api-1.3.2.jar;C:\Users\3031208\.m2\repository\io\grpc\grpc-core\1.60.0\grpc-core-1.60.0.jar;C:\Users\3031208\.m2\repository\io\grpc\grpc-api\1.60.0\grpc-api-1.60.0.jar;C:\Users\3031208\.m2\repository\io\perfmark\perfmark-api\0.26.0\perfmark-api-0.26.0.jar;C:\Users\3031208\.m2\repository\io\grpc\grpc-context\1.60.0\grpc-context-1.60.0.jar;C:\Users\3031208\.m2\repository\io\grpc\grpc-netty\1.60.0\grpc-netty-1.60.0.jar;C:\Users\3031208\.m2\repository\io\grpc\grpc-protobuf\1.60.0\grpc-protobuf-1.60.0.jar;C:\Users\3031208\.m2\repository\com\google\protobuf\protobuf-java\3.24.0\protobuf-java-3.24.0.jar;C:\Users\3031208\.m2\repository\com\google\api\grpc\proto-google-common-protos\2.22.0\proto-google-common-protos-2.22.0.jar;C:\Users\3031208\.m2\repository\io\grpc\grpc-protobuf-lite\1.60.0\grpc-protobuf-lite-1.60.0.jar;C:\Users\3031208\.m2\repository\io\grpc\grpc-stub\1.60.0\grpc-stub-1.60.0.jar;C:\Users\3031208\.m2\repository\io\grpc\grpc-grpclb\1.60.0\grpc-grpclb-1.60.0.jar;C:\Users\3031208\.m2\repository\com\google\protobuf\protobuf-java-util\3.24.0\protobuf-java-util-3.24.0.jar;C:\Users\3031208\.m2\repository\io\grpc\grpc-util\1.60.0\grpc-util-1.60.0.jar;C:\Users\3031208\.m2\repository\io\etcd\jetcd-api\0.7.7\jetcd-api-0.7.7.jar;C:\Users\3031208\.m2\repository\io\etcd\jetcd-common\0.7.7\jetcd-common-0.7.7.jar;C:\Users\3031208\.m2\repository\com\google\guava\guava\33.0.0-jre\guava-33.0.0-jre.jar;C:\Users\3031208\.m2\repository\com\google\guava\failureaccess\1.0.2\failureaccess-1.0.2.jar;C:\Users\3031208\.m2\repository\com\google\guava\listenablefuture\9999.0-empty-to-avoid-conflict-with-guava\listenablefuture-9999.0-empty-to-avoid-conflict-with-guava.jar;C:\Users\3031208\.m2\repository\org\checkerframework\checker-qual\3.41.0\checker-qual-3.41.0.jar;C:\Users\3031208\.m2\repository\dev\failsafe\failsafe\3.3.2\failsafe-3.3.2.jar;C:\Users\3031208\.m2\repository\org\apache\curator\curator-x-discovery\5.6.0\curator-x-discovery-5.6.0.jar;C:\Users\3031208\.m2\repository\org\apache\curator\curator-recipes\5.6.0\curator-recipes-5.6.0.jar;C:\Users\3031208\.m2\repository\org\apache\curator\curator-framework\5.6.0\curator-framework-5.6.0.jar;C:\Users\3031208\.m2\repository\org\apache\curator\curator-client\5.6.0\curator-client-5.6.0.jar;C:\Users\3031208\.m2\repository\org\apache\zookeeper\zookeeper\3.7.2\zookeeper-3.7.2.jar;C:\Users\3031208\.m2\repository\org\apache\zookeeper\zookeeper-jute\3.7.2\zookeeper-jute-3.7.2.jar;C:\Users\3031208\.m2\repository\org\apache\yetus\audience-annotations\0.12.0\audience-annotations-0.12.0.jar;C:\Users\3031208\.m2\repository\io\netty\netty-transport-native-epoll\4.1.94.Final\netty-transport-native-epoll-4.1.94.Final.jar;C:\Users\3031208\.m2\repository\io\netty\netty-transport-classes-epoll\4.1.94.Final\netty-transport-classes-epoll-4.1.94.Final.jar;C:\Users\3031208\.m2\repository\com\fasterxml\jackson\core\jackson-databind\2.13.5\jackson-databind-2.13.5.jar;C:\Users\3031208\.m2\repository\com\fasterxml\jackson\core\jackson-annotations\2.13.5\jackson-annotations-2.13.5.jar;C:\Users\3031208\.m2\repository\com\github\rholder\guava-retrying\2.0.0\guava-retrying-2.0.0.jar;C:\Users\3031208\.m2\repository\org\projectlombok\lombok\1.18.30\lombok-1.18.30.jar;C:\Users\3031208\.m2\repository\org\junit\jupiter\junit-jupiter\5.10.0\junit-jupiter-5.10.0.jar;C:\Users\3031208\.m2\repository\org\junit\jupiter\junit-jupiter-api\5.10.0\junit-jupiter-api-5.10.0.jar;C:\Users\3031208\.m2\repository\org\opentest4j\opentest4j\1.3.0\opentest4j-1.3.0.jar;C:\Users\3031208\.m2\repository\org\junit\platform\junit-platform-commons\1.10.0\junit-platform-commons-1.10.0.jar;C:\Users\3031208\.m2\repository\org\apiguardian\apiguardian-api\1.1.2\apiguardian-api-1.1.2.jar;C:\Users\3031208\.m2\repository\org\junit\jupiter\junit-jupiter-params\5.10.0\junit-jupiter-params-5.10.0.jar;C:\Users\3031208\.m2\repository\org\junit\jupiter\junit-jupiter-engine\5.10.0\junit-jupiter-engine-5.10.0.jar;C:\Users\3031208\.m2\repository\org\junit\platform\junit-platform-engine\1.10.0\junit-platform-engine-1.10.0.jar;"/>
    <property name="sun.cpu.endian" value="little"/>
    <property name="user.home" value="C:\Users\3031208"/>
    <property name="user.language" value="ja"/>
    <property name="java.specification.vendor" value="Oracle Corporation"/>
    <property name="java.version.date" value="2025-01-21"/>
    <property name="java.home" value="C:\Users\3031208\.jdks\corretto-17.0.14"/>
    <property name="file.separator" value="\"/>
    <property name="basedir" value="C:\Users\3031208\Desktop\dev\KK-RPC\kk-rpc-core"/>
    <property name="java.vm.compressedOopsMode" value="Zero based"/>
    <property name="line.separator" value="&#10;"/>
    <property name="java.vm.specification.vendor" value="Oracle Corporation"/>
    <property name="java.specification.name" value="Java Platform API Specification"/>
    <property name="surefire.real.class.path" value="C:\Users\3031208\AppData\Local\Temp\surefire1573678653821863618\surefirebooter-20250423153345319_3.jar"/>
    <property name="user.script" value=""/>
    <property name="sun.management.compiler" value="HotSpot 64-Bit Tiered Compilers"/>
    <property name="java.runtime.version" value="17.0.14+7-LTS"/>
    <property name="user.name" value="3031208"/>
    <property name="path.separator" value=";"/>
    <property name="os.version" value="10.0"/>
    <property name="java.runtime.name" value="OpenJDK Runtime Environment"/>
    <property name="file.encoding" value="MS932"/>
    <property name="java.vm.name" value="OpenJDK 64-Bit Server VM"/>
    <property name="java.vendor.version" value="Corretto-17.0.14.7.1"/>
    <property name="localRepository" value="C:\Users\3031208\.m2\repository"/>
    <property name="java.vendor.url.bug" value="https://github.com/corretto/corretto-17/issues/"/>
    <property name="java.io.tmpdir" value="C:\Users\3031208\AppData\Local\Temp\"/>
    <property name="idea.version" value="2024.3.5"/>
    <property name="java.version" value="17.0.14"/>
    <property name="user.dir" value="C:\Users\3031208\Desktop\dev\KK-RPC\kk-rpc-core"/>
    <property name="os.arch" value="amd64"/>
    <property name="java.vm.specification.name" value="Java Virtual Machine Specification"/>
    <property name="sun.os.patch.level" value=""/>
    <property name="native.encoding" value="MS932"/>
    <property name="java.library.path" value="C:\Users\3031208\.jdks\corretto-17.0.14\bin;C:\WINDOWS\Sun\Java\bin;C:\WINDOWS\system32;C:\WINDOWS;C:\WINDOWS\system32;C:\WINDOWS;C:\WINDOWS\System32\Wbem;C:\WINDOWS\System32\WindowsPowerShell\v1.0\;C:\WINDOWS\System32\OpenSSH\;C:\Program Files\nodejs\;C:\Program Files\Git\cmd;C:\Users\3031208\AppData\Local\Microsoft\WindowsApps;C:\Users\3031208\AppData\Roaming\npm;C:\Program Files\nodejs;C:\Users\3031208\AppData\Local\Programs\Microsoft VS Code\bin;C:\Program Files\MySQL\MySQL Server 8.0\bin;C:\Users\3031208\.jdks\corretto-17.0.14\bin;;."/>
    <property name="java.vm.info" value="mixed mode, sharing"/>
    <property name="java.vendor" value="Amazon.com Inc."/>
    <property name="java.vm.version" value="17.0.14+7-LTS"/>
    <property name="java.specification.maintenance.version" value="1"/>
    <property name="sun.io.unicode.encoding" value="UnicodeLittle"/>
    <property name="java.class.version" value="61.0"/>
  </properties>
  <testcase name="testLoadConfig" classname="org.khr.ConfigTest" time="0.048">
    <error message="Resource of path [application-dev.yml] not exist!" type="cn.hutool.core.io.resource.NoResourceException"><![CDATA[cn.hutool.core.io.resource.NoResourceException: Resource of path [application-dev.yml] not exist!
	at cn.hutool.core.io.resource.ClassPathResource.initUrl(ClassPathResource.java:122)
	at cn.hutool.core.io.resource.ClassPathResource.<init>(ClassPathResource.java:74)
	at cn.hutool.core.io.resource.ClassPathResource.<init>(ClassPathResource.java:34)
	at cn.hutool.core.io.resource.ResourceUtil.getResourceObj(ResourceUtil.java:230)
	at cn.hutool.core.io.resource.ResourceUtil.getStream(ResourceUtil.java:72)
	at cn.hutool.setting.yaml.YamlUtil.loadByPath(YamlUtil.java:41)
	at cn.hutool.setting.yaml.YamlUtil.loadByPath(YamlUtil.java:29)
	at org.khr.config.ConfigUtils.loadConfig(ConfigUtils.java:39)
	at org.khr.ConfigTest.testLoadConfig(ConfigTest.java:14)
	at java.base/java.lang.reflect.Method.invoke(Method.java:569)
	at java.base/java.util.ArrayList.forEach(ArrayList.java:1511)
	at java.base/java.util.ArrayList.forEach(ArrayList.java:1511)
]]></error>
  </testcase>
  <testcase name="testLoadConfig2" classname="org.khr.ConfigTest" time="0.611">
    <system-out><![CDATA[15:33:46.153 [main] INFO org.khr.RpcApplication -- rpc init, config = RpcConfig(name=khr, version=2.0, serverHost=localhost, serverPort=8080, serializer=JdkSerializer, loadBalancer=RoundRobinLoadBalancer, retryStrategy=NoRetryStrategy, tolerantStrategy=FailFastTolerantStrategy, mock=false, registryConfig=RegistryConfig(registry=EtcdRegistry, address=http://localhost:2379, username=null, password=null, timeout=10000))
15:33:46.158 [main] INFO org.khr.spi.SpiLoader -- 加??型? org.khr.registry.Registry 的 SPI
15:33:46.239 [main] INFO org.reflections.Reflections -- Reflections took 71 ms to scan 11 urls, producing 13 keys and 32 values
15:33:46.266 [main] INFO org.khr.spi.SpiLoader -- 加?到 org.khr.registry.Registry 接口?型的??? [EtcdRegistry, ZooKeeperRegistry]
15:33:46.322 [main] DEBUG io.vertx.core.logging.LoggerFactory -- Using io.vertx.core.logging.SLF4JLogDelegateFactory
15:33:46.390 [main] DEBUG io.netty.util.internal.logging.InternalLoggerFactory -- Using SLF4J as the default logging framework
15:33:46.391 [main] DEBUG io.netty.util.internal.PlatformDependent0 -- -Dio.netty.noUnsafe: false
15:33:46.391 [main] DEBUG io.netty.util.internal.PlatformDependent0 -- Java version: 17
15:33:46.392 [main] DEBUG io.netty.util.internal.PlatformDependent0 -- sun.misc.Unsafe.theUnsafe: available
15:33:46.392 [main] DEBUG io.netty.util.internal.PlatformDependent0 -- sun.misc.Unsafe.copyMemory: available
15:33:46.393 [main] DEBUG io.netty.util.internal.PlatformDependent0 -- sun.misc.Unsafe.storeFence: available
15:33:46.393 [main] DEBUG io.netty.util.internal.PlatformDependent0 -- java.nio.Buffer.address: available
15:33:46.394 [main] DEBUG io.netty.util.internal.PlatformDependent0 -- direct buffer constructor: unavailable: Reflective setAccessible(true) disabled
15:33:46.394 [main] DEBUG io.netty.util.internal.PlatformDependent0 -- java.nio.Bits.unaligned: available, true
15:33:46.395 [main] DEBUG io.netty.util.internal.PlatformDependent0 -- jdk.internal.misc.Unsafe.allocateUninitializedArray(int): unavailable: class io.netty.util.internal.PlatformDependent0$7 cannot access class jdk.internal.misc.Unsafe (in module java.base) because module java.base does not export jdk.internal.misc to unnamed module @43a0cee9
15:33:46.396 [main] DEBUG io.netty.util.internal.PlatformDependent0 -- java.nio.DirectByteBuffer.<init>(long, {int,long}): unavailable
15:33:46.396 [main] DEBUG io.netty.util.internal.PlatformDependent -- sun.misc.Unsafe: available
15:33:46.396 [main] DEBUG io.netty.util.internal.PlatformDependent -- -Dio.netty.tmpdir: C:\Users\3031208\AppData\Local\Temp (java.io.tmpdir)
15:33:46.396 [main] DEBUG io.netty.util.internal.PlatformDependent -- -Dio.netty.bitMode: 64 (sun.arch.data.model)
15:33:46.396 [main] DEBUG io.netty.util.internal.PlatformDependent -- Platform: Windows
15:33:46.397 [main] DEBUG io.netty.util.internal.PlatformDependent -- -Dio.netty.maxDirectMemory: -1 bytes
15:33:46.397 [main] DEBUG io.netty.util.internal.PlatformDependent -- -Dio.netty.uninitializedArrayAllocationThreshold: -1
15:33:46.398 [main] DEBUG io.netty.util.internal.CleanerJava9 -- java.nio.ByteBuffer.cleaner(): available
15:33:46.398 [main] DEBUG io.netty.util.internal.PlatformDependent -- -Dio.netty.noPreferDirect: false
15:33:46.408 [main] DEBUG io.netty.util.ResourceLeakDetector -- -Dio.netty.leakDetection.level: simple
15:33:46.408 [main] DEBUG io.netty.util.ResourceLeakDetector -- -Dio.netty.leakDetection.targetRecords: 4
15:33:46.418 [main] DEBUG io.netty.channel.MultithreadEventLoopGroup -- -Dio.netty.eventLoopThreads: 24
15:33:46.425 [main] DEBUG io.netty.util.concurrent.GlobalEventExecutor -- -Dio.netty.globalEventExecutor.quietPeriodSeconds: 1
15:33:46.429 [main] DEBUG io.netty.util.internal.InternalThreadLocalMap -- -Dio.netty.threadLocalMap.stringBuilder.initialSize: 1024
15:33:46.429 [main] DEBUG io.netty.util.internal.InternalThreadLocalMap -- -Dio.netty.threadLocalMap.stringBuilder.maxSize: 4096
15:33:46.433 [main] DEBUG io.netty.channel.nio.NioEventLoop -- -Dio.netty.noKeySetOptimization: false
15:33:46.433 [main] DEBUG io.netty.channel.nio.NioEventLoop -- -Dio.netty.selectorAutoRebuildThreshold: 512
15:33:46.436 [main] DEBUG io.netty.util.internal.PlatformDependent -- org.jctools-core.MpscChunkedArrayQueue: available
15:33:46.518 [main] DEBUG io.netty.resolver.dns.DefaultDnsServerAddressStreamProvider -- Default DNS servers: [/172.20.10.1:53] (sun.net.dns.ResolverConfiguration)
15:33:46.528 [main] DEBUG io.netty.util.NetUtil -- -Djava.net.preferIPv4Stack: false
15:33:46.528 [main] DEBUG io.netty.util.NetUtil -- -Djava.net.preferIPv6Addresses: false
15:33:46.540 [main] DEBUG io.netty.util.NetUtilInitializations -- Loopback interface: lo (Software Loopback Interface 1, 127.0.0.1)
15:33:46.540 [main] DEBUG io.netty.util.NetUtil -- Failed to get SOMAXCONN from sysctl and file \proc\sys\net\core\somaxconn. Default: 200
15:33:46.541 [main] DEBUG io.netty.resolver.dns.DnsNameResolver -- Default ResolvedAddressTypes: IPV4_ONLY
15:33:46.541 [main] DEBUG io.netty.resolver.dns.DnsNameResolver -- Localhost address: localhost/127.0.0.1
15:33:46.548 [main] DEBUG io.netty.resolver.dns.DnsNameResolver -- Windows hostname: 30312-08
15:33:46.548 [main] DEBUG io.netty.resolver.dns.DnsNameResolver -- Default search domains: []
15:33:46.549 [main] DEBUG io.netty.resolver.dns.DnsNameResolver -- Default UnixResolverOptions{ndots=1, timeout=5, attempts=16}
15:33:46.557 [main] DEBUG io.netty.resolver.DefaultHostsFileEntriesResolver -- -Dio.netty.hostsFileRefreshInterval: 0
15:33:46.664 [main] DEBUG cn.hutool.log.LogFactory -- Use [Slf4j] Logger As Default.
15:33:46.671 [main] INFO org.khr.RpcApplication -- registry init, config = RegistryConfig(registry=EtcdRegistry, address=http://localhost:2379, username=null, password=null, timeout=10000)
rpcConfig = RpcConfig(name=khr, version=2.0, serverHost=localhost, serverPort=8080, serializer=JdkSerializer, loadBalancer=RoundRobinLoadBalancer, retryStrategy=NoRetryStrategy, tolerantStrategy=FailFastTolerantStrategy, mock=false, registryConfig=RegistryConfig(registry=EtcdRegistry, address=http://localhost:2379, username=null, password=null, timeout=10000))
]]></system-out>
  </testcase>
</testsuite>