<?xml version="1.0" encoding="UTF-8"?>
<testsuite xmlns:xsi="http://www.w3.org/2001/XMLSchema-instance" xsi:noNamespaceSchemaLocation="https://maven.apache.org/surefire/maven-surefire-plugin/xsd/surefire-test-report-3.0.xsd" version="3.0" name="org.khr.EtcdTest" time="0.499" tests="2" errors="0" skipped="0" failures="0">
  <properties>
    <property name="java.specification.version" value="17"/>
    <property name="sun.cpu.isalist" value="amd64"/>
    <property name="sun.jnu.encoding" value="MS932"/>
    <property name="java.class.path" value="C:\Users\3031208\Desktop\dev\KK-RPC\kk-rpc-core\target\test-classes;C:\Users\3031208\Desktop\dev\KK-RPC\kk-rpc-core\target\classes;C:\Users\3031208\.m2\repository\io\vertx\vertx-core\4.5.1\vertx-core-4.5.1.jar;C:\Users\3031208\.m2\repository\io\netty\netty-common\4.1.103.Final\netty-common-4.1.103.Final.jar;C:\Users\3031208\.m2\repository\io\netty\netty-buffer\4.1.103.Final\netty-buffer-4.1.103.Final.jar;C:\Users\3031208\.m2\repository\io\netty\netty-transport\4.1.103.Final\netty-transport-4.1.103.Final.jar;C:\Users\3031208\.m2\repository\io\netty\netty-handler\4.1.103.Final\netty-handler-4.1.103.Final.jar;C:\Users\3031208\.m2\repository\io\netty\netty-transport-native-unix-common\4.1.103.Final\netty-transport-native-unix-common-4.1.103.Final.jar;C:\Users\3031208\.m2\repository\io\netty\netty-codec\4.1.103.Final\netty-codec-4.1.103.Final.jar;C:\Users\3031208\.m2\repository\io\netty\netty-handler-proxy\4.1.103.Final\netty-handler-proxy-4.1.103.Final.jar;C:\Users\3031208\.m2\repository\io\netty\netty-codec-socks\4.1.103.Final\netty-codec-socks-4.1.103.Final.jar;C:\Users\3031208\.m2\repository\io\netty\netty-codec-http\4.1.103.Final\netty-codec-http-4.1.103.Final.jar;C:\Users\3031208\.m2\repository\io\netty\netty-codec-http2\4.1.103.Final\netty-codec-http2-4.1.103.Final.jar;C:\Users\3031208\.m2\repository\io\netty\netty-resolver\4.1.103.Final\netty-resolver-4.1.103.Final.jar;C:\Users\3031208\.m2\repository\io\netty\netty-resolver-dns\4.1.103.Final\netty-resolver-dns-4.1.103.Final.jar;C:\Users\3031208\.m2\repository\io\netty\netty-codec-dns\4.1.103.Final\netty-codec-dns-4.1.103.Final.jar;C:\Users\3031208\.m2\repository\com\fasterxml\jackson\core\jackson-core\2.15.3\jackson-core-2.15.3.jar;C:\Users\3031208\.m2\repository\cn\hutool\hutool-all\5.8.16\hutool-all-5.8.16.jar;C:\Users\3031208\.m2\repository\org\yaml\snakeyaml\2.2\snakeyaml-2.2.jar;C:\Users\3031208\.m2\repository\ch\qos\logback\logback-classic\1.3.12\logback-classic-1.3.12.jar;C:\Users\3031208\.m2\repository\ch\qos\logback\logback-core\1.3.12\logback-core-1.3.12.jar;C:\Users\3031208\.m2\repository\org\slf4j\slf4j-api\2.0.7\slf4j-api-2.0.7.jar;C:\Users\3031208\.m2\repository\com\caucho\hessian\4.0.66\hessian-4.0.66.jar;C:\Users\3031208\.m2\repository\com\esotericsoftware\kryo\5.6.0\kryo-5.6.0.jar;C:\Users\3031208\.m2\repository\com\esotericsoftware\reflectasm\1.11.9\reflectasm-1.11.9.jar;C:\Users\3031208\.m2\repository\org\objenesis\objenesis\3.3\objenesis-3.3.jar;C:\Users\3031208\.m2\repository\com\esotericsoftware\minlog\1.3.1\minlog-1.3.1.jar;C:\Users\3031208\.m2\repository\org\reflections\reflections\0.10.2\reflections-0.10.2.jar;C:\Users\3031208\.m2\repository\org\javassist\javassist\3.28.0-GA\javassist-3.28.0-GA.jar;C:\Users\3031208\.m2\repository\com\google\code\findbugs\jsr305\3.0.2\jsr305-3.0.2.jar;C:\Users\3031208\.m2\repository\io\etcd\jetcd-core\0.7.7\jetcd-core-0.7.7.jar;C:\Users\3031208\.m2\repository\io\etcd\jetcd-grpc\0.7.7\jetcd-grpc-0.7.7.jar;C:\Users\3031208\.m2\repository\io\vertx\vertx-grpc\4.5.1\vertx-grpc-4.5.1.jar;C:\Users\3031208\.m2\repository\javax\annotation\javax.annotation-api\1.3.2\javax.annotation-api-1.3.2.jar;C:\Users\3031208\.m2\repository\io\grpc\grpc-core\1.60.0\grpc-core-1.60.0.jar;C:\Users\3031208\.m2\repository\io\grpc\grpc-api\1.60.0\grpc-api-1.60.0.jar;C:\Users\3031208\.m2\repository\io\perfmark\perfmark-api\0.26.0\perfmark-api-0.26.0.jar;C:\Users\3031208\.m2\repository\io\grpc\grpc-context\1.60.0\grpc-context-1.60.0.jar;C:\Users\3031208\.m2\repository\io\grpc\grpc-netty\1.60.0\grpc-netty-1.60.0.jar;C:\Users\3031208\.m2\repository\io\grpc\grpc-protobuf\1.60.0\grpc-protobuf-1.60.0.jar;C:\Users\3031208\.m2\repository\com\google\protobuf\protobuf-java\3.24.0\protobuf-java-3.24.0.jar;C:\Users\3031208\.m2\repository\com\google\api\grpc\proto-google-common-protos\2.22.0\proto-google-common-protos-2.22.0.jar;C:\Users\3031208\.m2\repository\io\grpc\grpc-protobuf-lite\1.60.0\grpc-protobuf-lite-1.60.0.jar;C:\Users\3031208\.m2\repository\io\grpc\grpc-stub\1.60.0\grpc-stub-1.60.0.jar;C:\Users\3031208\.m2\repository\io\grpc\grpc-grpclb\1.60.0\grpc-grpclb-1.60.0.jar;C:\Users\3031208\.m2\repository\com\google\protobuf\protobuf-java-util\3.24.0\protobuf-java-util-3.24.0.jar;C:\Users\3031208\.m2\repository\io\grpc\grpc-util\1.60.0\grpc-util-1.60.0.jar;C:\Users\3031208\.m2\repository\io\etcd\jetcd-api\0.7.7\jetcd-api-0.7.7.jar;C:\Users\3031208\.m2\repository\io\etcd\jetcd-common\0.7.7\jetcd-common-0.7.7.jar;C:\Users\3031208\.m2\repository\com\google\guava\guava\33.0.0-jre\guava-33.0.0-jre.jar;C:\Users\3031208\.m2\repository\com\google\guava\failureaccess\1.0.2\failureaccess-1.0.2.jar;C:\Users\3031208\.m2\repository\com\google\guava\listenablefuture\9999.0-empty-to-avoid-conflict-with-guava\listenablefuture-9999.0-empty-to-avoid-conflict-with-guava.jar;C:\Users\3031208\.m2\repository\org\checkerframework\checker-qual\3.41.0\checker-qual-3.41.0.jar;C:\Users\3031208\.m2\repository\dev\failsafe\failsafe\3.3.2\failsafe-3.3.2.jar;C:\Users\3031208\.m2\repository\org\apache\curator\curator-x-discovery\5.6.0\curator-x-discovery-5.6.0.jar;C:\Users\3031208\.m2\repository\org\apache\curator\curator-recipes\5.6.0\curator-recipes-5.6.0.jar;C:\Users\3031208\.m2\repository\org\apache\curator\curator-framework\5.6.0\curator-framework-5.6.0.jar;C:\Users\3031208\.m2\repository\org\apache\curator\curator-client\5.6.0\curator-client-5.6.0.jar;C:\Users\3031208\.m2\repository\org\apache\zookeeper\zookeeper\3.7.2\zookeeper-3.7.2.jar;C:\Users\3031208\.m2\repository\org\apache\zookeeper\zookeeper-jute\3.7.2\zookeeper-jute-3.7.2.jar;C:\Users\3031208\.m2\repository\org\apache\yetus\audience-annotations\0.12.0\audience-annotations-0.12.0.jar;C:\Users\3031208\.m2\repository\io\netty\netty-transport-native-epoll\4.1.94.Final\netty-transport-native-epoll-4.1.94.Final.jar;C:\Users\3031208\.m2\repository\io\netty\netty-transport-classes-epoll\4.1.94.Final\netty-transport-classes-epoll-4.1.94.Final.jar;C:\Users\3031208\.m2\repository\com\fasterxml\jackson\core\jackson-databind\2.13.5\jackson-databind-2.13.5.jar;C:\Users\3031208\.m2\repository\com\fasterxml\jackson\core\jackson-annotations\2.13.5\jackson-annotations-2.13.5.jar;C:\Users\3031208\.m2\repository\com\github\rholder\guava-retrying\2.0.0\guava-retrying-2.0.0.jar;C:\Users\3031208\.m2\repository\org\projectlombok\lombok\1.18.30\lombok-1.18.30.jar;C:\Users\3031208\.m2\repository\org\junit\jupiter\junit-jupiter\5.10.0\junit-jupiter-5.10.0.jar;C:\Users\3031208\.m2\repository\org\junit\jupiter\junit-jupiter-api\5.10.0\junit-jupiter-api-5.10.0.jar;C:\Users\3031208\.m2\repository\org\opentest4j\opentest4j\1.3.0\opentest4j-1.3.0.jar;C:\Users\3031208\.m2\repository\org\junit\platform\junit-platform-commons\1.10.0\junit-platform-commons-1.10.0.jar;C:\Users\3031208\.m2\repository\org\apiguardian\apiguardian-api\1.1.2\apiguardian-api-1.1.2.jar;C:\Users\3031208\.m2\repository\org\junit\jupiter\junit-jupiter-params\5.10.0\junit-jupiter-params-5.10.0.jar;C:\Users\3031208\.m2\repository\org\junit\jupiter\junit-jupiter-engine\5.10.0\junit-jupiter-engine-5.10.0.jar;C:\Users\3031208\.m2\repository\org\junit\platform\junit-platform-engine\1.10.0\junit-platform-engine-1.10.0.jar;"/>
    <property name="java.vm.vendor" value="Amazon.com Inc."/>
    <property name="sun.arch.data.model" value="64"/>
    <property name="user.variant" value=""/>
    <property name="java.vendor.url" value="https://aws.amazon.com/corretto/"/>
    <property name="user.timezone" value="Asia/Tokyo"/>
    <property name="os.name" value="Windows 11"/>
    <property name="java.vm.specification.version" value="17"/>
    <property name="sun.java.launcher" value="SUN_STANDARD"/>
    <property name="user.country" value="JP"/>
    <property name="sun.boot.library.path" value="C:\Users\3031208\.jdks\corretto-17.0.14\bin"/>
    <property name="sun.java.command" value="C:\Users\3031208\AppData\Local\Temp\surefire1573678653821863618\surefirebooter-20250423153345319_3.jar C:\Users\3031208\AppData\Local\Temp\surefire1573678653821863618 2025-04-23T15-33-44_136-jvmRun1 surefire-20250423153345319_1tmp surefire_0-20250423153345319_2tmp"/>
    <property name="jdk.debug" value="release"/>
    <property name="surefire.test.class.path" value="C:\Users\3031208\Desktop\dev\KK-RPC\kk-rpc-core\target\test-classes;C:\Users\3031208\Desktop\dev\KK-RPC\kk-rpc-core\target\classes;C:\Users\3031208\.m2\repository\io\vertx\vertx-core\4.5.1\vertx-core-4.5.1.jar;C:\Users\3031208\.m2\repository\io\netty\netty-common\4.1.103.Final\netty-common-4.1.103.Final.jar;C:\Users\3031208\.m2\repository\io\netty\netty-buffer\4.1.103.Final\netty-buffer-4.1.103.Final.jar;C:\Users\3031208\.m2\repository\io\netty\netty-transport\4.1.103.Final\netty-transport-4.1.103.Final.jar;C:\Users\3031208\.m2\repository\io\netty\netty-handler\4.1.103.Final\netty-handler-4.1.103.Final.jar;C:\Users\3031208\.m2\repository\io\netty\netty-transport-native-unix-common\4.1.103.Final\netty-transport-native-unix-common-4.1.103.Final.jar;C:\Users\3031208\.m2\repository\io\netty\netty-codec\4.1.103.Final\netty-codec-4.1.103.Final.jar;C:\Users\3031208\.m2\repository\io\netty\netty-handler-proxy\4.1.103.Final\netty-handler-proxy-4.1.103.Final.jar;C:\Users\3031208\.m2\repository\io\netty\netty-codec-socks\4.1.103.Final\netty-codec-socks-4.1.103.Final.jar;C:\Users\3031208\.m2\repository\io\netty\netty-codec-http\4.1.103.Final\netty-codec-http-4.1.103.Final.jar;C:\Users\3031208\.m2\repository\io\netty\netty-codec-http2\4.1.103.Final\netty-codec-http2-4.1.103.Final.jar;C:\Users\3031208\.m2\repository\io\netty\netty-resolver\4.1.103.Final\netty-resolver-4.1.103.Final.jar;C:\Users\3031208\.m2\repository\io\netty\netty-resolver-dns\4.1.103.Final\netty-resolver-dns-4.1.103.Final.jar;C:\Users\3031208\.m2\repository\io\netty\netty-codec-dns\4.1.103.Final\netty-codec-dns-4.1.103.Final.jar;C:\Users\3031208\.m2\repository\com\fasterxml\jackson\core\jackson-core\2.15.3\jackson-core-2.15.3.jar;C:\Users\3031208\.m2\repository\cn\hutool\hutool-all\5.8.16\hutool-all-5.8.16.jar;C:\Users\3031208\.m2\repository\org\yaml\snakeyaml\2.2\snakeyaml-2.2.jar;C:\Users\3031208\.m2\repository\ch\qos\logback\logback-classic\1.3.12\logback-classic-1.3.12.jar;C:\Users\3031208\.m2\repository\ch\qos\logback\logback-core\1.3.12\logback-core-1.3.12.jar;C:\Users\3031208\.m2\repository\org\slf4j\slf4j-api\2.0.7\slf4j-api-2.0.7.jar;C:\Users\3031208\.m2\repository\com\caucho\hessian\4.0.66\hessian-4.0.66.jar;C:\Users\3031208\.m2\repository\com\esotericsoftware\kryo\5.6.0\kryo-5.6.0.jar;C:\Users\3031208\.m2\repository\com\esotericsoftware\reflectasm\1.11.9\reflectasm-1.11.9.jar;C:\Users\3031208\.m2\repository\org\objenesis\objenesis\3.3\objenesis-3.3.jar;C:\Users\3031208\.m2\repository\com\esotericsoftware\minlog\1.3.1\minlog-1.3.1.jar;C:\Users\3031208\.m2\repository\org\reflections\reflections\0.10.2\reflections-0.10.2.jar;C:\Users\3031208\.m2\repository\org\javassist\javassist\3.28.0-GA\javassist-3.28.0-GA.jar;C:\Users\3031208\.m2\repository\com\google\code\findbugs\jsr305\3.0.2\jsr305-3.0.2.jar;C:\Users\3031208\.m2\repository\io\etcd\jetcd-core\0.7.7\jetcd-core-0.7.7.jar;C:\Users\3031208\.m2\repository\io\etcd\jetcd-grpc\0.7.7\jetcd-grpc-0.7.7.jar;C:\Users\3031208\.m2\repository\io\vertx\vertx-grpc\4.5.1\vertx-grpc-4.5.1.jar;C:\Users\3031208\.m2\repository\javax\annotation\javax.annotation-api\1.3.2\javax.annotation-api-1.3.2.jar;C:\Users\3031208\.m2\repository\io\grpc\grpc-core\1.60.0\grpc-core-1.60.0.jar;C:\Users\3031208\.m2\repository\io\grpc\grpc-api\1.60.0\grpc-api-1.60.0.jar;C:\Users\3031208\.m2\repository\io\perfmark\perfmark-api\0.26.0\perfmark-api-0.26.0.jar;C:\Users\3031208\.m2\repository\io\grpc\grpc-context\1.60.0\grpc-context-1.60.0.jar;C:\Users\3031208\.m2\repository\io\grpc\grpc-netty\1.60.0\grpc-netty-1.60.0.jar;C:\Users\3031208\.m2\repository\io\grpc\grpc-protobuf\1.60.0\grpc-protobuf-1.60.0.jar;C:\Users\3031208\.m2\repository\com\google\protobuf\protobuf-java\3.24.0\protobuf-java-3.24.0.jar;C:\Users\3031208\.m2\repository\com\google\api\grpc\proto-google-common-protos\2.22.0\proto-google-common-protos-2.22.0.jar;C:\Users\3031208\.m2\repository\io\grpc\grpc-protobuf-lite\1.60.0\grpc-protobuf-lite-1.60.0.jar;C:\Users\3031208\.m2\repository\io\grpc\grpc-stub\1.60.0\grpc-stub-1.60.0.jar;C:\Users\3031208\.m2\repository\io\grpc\grpc-grpclb\1.60.0\grpc-grpclb-1.60.0.jar;C:\Users\3031208\.m2\repository\com\google\protobuf\protobuf-java-util\3.24.0\protobuf-java-util-3.24.0.jar;C:\Users\3031208\.m2\repository\io\grpc\grpc-util\1.60.0\grpc-util-1.60.0.jar;C:\Users\3031208\.m2\repository\io\etcd\jetcd-api\0.7.7\jetcd-api-0.7.7.jar;C:\Users\3031208\.m2\repository\io\etcd\jetcd-common\0.7.7\jetcd-common-0.7.7.jar;C:\Users\3031208\.m2\repository\com\google\guava\guava\33.0.0-jre\guava-33.0.0-jre.jar;C:\Users\3031208\.m2\repository\com\google\guava\failureaccess\1.0.2\failureaccess-1.0.2.jar;C:\Users\3031208\.m2\repository\com\google\guava\listenablefuture\9999.0-empty-to-avoid-conflict-with-guava\listenablefuture-9999.0-empty-to-avoid-conflict-with-guava.jar;C:\Users\3031208\.m2\repository\org\checkerframework\checker-qual\3.41.0\checker-qual-3.41.0.jar;C:\Users\3031208\.m2\repository\dev\failsafe\failsafe\3.3.2\failsafe-3.3.2.jar;C:\Users\3031208\.m2\repository\org\apache\curator\curator-x-discovery\5.6.0\curator-x-discovery-5.6.0.jar;C:\Users\3031208\.m2\repository\org\apache\curator\curator-recipes\5.6.0\curator-recipes-5.6.0.jar;C:\Users\3031208\.m2\repository\org\apache\curator\curator-framework\5.6.0\curator-framework-5.6.0.jar;C:\Users\3031208\.m2\repository\org\apache\curator\curator-client\5.6.0\curator-client-5.6.0.jar;C:\Users\3031208\.m2\repository\org\apache\zookeeper\zookeeper\3.7.2\zookeeper-3.7.2.jar;C:\Users\3031208\.m2\repository\org\apache\zookeeper\zookeeper-jute\3.7.2\zookeeper-jute-3.7.2.jar;C:\Users\3031208\.m2\repository\org\apache\yetus\audience-annotations\0.12.0\audience-annotations-0.12.0.jar;C:\Users\3031208\.m2\repository\io\netty\netty-transport-native-epoll\4.1.94.Final\netty-transport-native-epoll-4.1.94.Final.jar;C:\Users\3031208\.m2\repository\io\netty\netty-transport-classes-epoll\4.1.94.Final\netty-transport-classes-epoll-4.1.94.Final.jar;C:\Users\3031208\.m2\repository\com\fasterxml\jackson\core\jackson-databind\2.13.5\jackson-databind-2.13.5.jar;C:\Users\3031208\.m2\repository\com\fasterxml\jackson\core\jackson-annotations\2.13.5\jackson-annotations-2.13.5.jar;C:\Users\3031208\.m2\repository\com\github\rholder\guava-retrying\2.0.0\guava-retrying-2.0.0.jar;C:\Users\3031208\.m2\repository\org\projectlombok\lombok\1.18.30\lombok-1.18.30.jar;C:\Users\3031208\.m2\repository\org\junit\jupiter\junit-jupiter\5.10.0\junit-jupiter-5.10.0.jar;C:\Users\3031208\.m2\repository\org\junit\jupiter\junit-jupiter-api\5.10.0\junit-jupiter-api-5.10.0.jar;C:\Users\3031208\.m2\repository\org\opentest4j\opentest4j\1.3.0\opentest4j-1.3.0.jar;C:\Users\3031208\.m2\repository\org\junit\platform\junit-platform-commons\1.10.0\junit-platform-commons-1.10.0.jar;C:\Users\3031208\.m2\repository\org\apiguardian\apiguardian-api\1.1.2\apiguardian-api-1.1.2.jar;C:\Users\3031208\.m2\repository\org\junit\jupiter\junit-jupiter-params\5.10.0\junit-jupiter-params-5.10.0.jar;C:\Users\3031208\.m2\repository\org\junit\jupiter\junit-jupiter-engine\5.10.0\junit-jupiter-engine-5.10.0.jar;C:\Users\3031208\.m2\repository\org\junit\platform\junit-platform-engine\1.10.0\junit-platform-engine-1.10.0.jar;"/>
    <property name="sun.cpu.endian" value="little"/>
    <property name="user.home" value="C:\Users\3031208"/>
    <property name="user.language" value="ja"/>
    <property name="java.specification.vendor" value="Oracle Corporation"/>
    <property name="java.version.date" value="2025-01-21"/>
    <property name="java.home" value="C:\Users\3031208\.jdks\corretto-17.0.14"/>
    <property name="file.separator" value="\"/>
    <property name="basedir" value="C:\Users\3031208\Desktop\dev\KK-RPC\kk-rpc-core"/>
    <property name="java.vm.compressedOopsMode" value="Zero based"/>
    <property name="line.separator" value="&#10;"/>
    <property name="java.vm.specification.vendor" value="Oracle Corporation"/>
    <property name="java.specification.name" value="Java Platform API Specification"/>
    <property name="surefire.real.class.path" value="C:\Users\3031208\AppData\Local\Temp\surefire1573678653821863618\surefirebooter-20250423153345319_3.jar"/>
    <property name="user.script" value=""/>
    <property name="sun.management.compiler" value="HotSpot 64-Bit Tiered Compilers"/>
    <property name="java.runtime.version" value="17.0.14+7-LTS"/>
    <property name="user.name" value="3031208"/>
    <property name="path.separator" value=";"/>
    <property name="os.version" value="10.0"/>
    <property name="java.runtime.name" value="OpenJDK Runtime Environment"/>
    <property name="file.encoding" value="MS932"/>
    <property name="java.vm.name" value="OpenJDK 64-Bit Server VM"/>
    <property name="java.vendor.version" value="Corretto-17.0.14.7.1"/>
    <property name="localRepository" value="C:\Users\3031208\.m2\repository"/>
    <property name="java.vendor.url.bug" value="https://github.com/corretto/corretto-17/issues/"/>
    <property name="java.io.tmpdir" value="C:\Users\3031208\AppData\Local\Temp\"/>
    <property name="idea.version" value="2024.3.5"/>
    <property name="java.version" value="17.0.14"/>
    <property name="user.dir" value="C:\Users\3031208\Desktop\dev\KK-RPC\kk-rpc-core"/>
    <property name="os.arch" value="amd64"/>
    <property name="java.vm.specification.name" value="Java Virtual Machine Specification"/>
    <property name="sun.os.patch.level" value=""/>
    <property name="native.encoding" value="MS932"/>
    <property name="java.library.path" value="C:\Users\3031208\.jdks\corretto-17.0.14\bin;C:\WINDOWS\Sun\Java\bin;C:\WINDOWS\system32;C:\WINDOWS;C:\WINDOWS\system32;C:\WINDOWS;C:\WINDOWS\System32\Wbem;C:\WINDOWS\System32\WindowsPowerShell\v1.0\;C:\WINDOWS\System32\OpenSSH\;C:\Program Files\nodejs\;C:\Program Files\Git\cmd;C:\Users\3031208\AppData\Local\Microsoft\WindowsApps;C:\Users\3031208\AppData\Roaming\npm;C:\Program Files\nodejs;C:\Users\3031208\AppData\Local\Programs\Microsoft VS Code\bin;C:\Program Files\MySQL\MySQL Server 8.0\bin;C:\Users\3031208\.jdks\corretto-17.0.14\bin;;."/>
    <property name="java.vm.info" value="mixed mode, sharing"/>
    <property name="java.vendor" value="Amazon.com Inc."/>
    <property name="java.vm.version" value="17.0.14+7-LTS"/>
    <property name="java.specification.maintenance.version" value="1"/>
    <property name="sun.io.unicode.encoding" value="UnicodeLittle"/>
    <property name="java.class.version" value="61.0"/>
  </properties>
  <testcase name="test" classname="org.khr.EtcdTest" time="0.426">
    <system-out><![CDATA[15:33:46.855 [grpc-default-executor-0] DEBUG io.netty.buffer.AbstractByteBuf -- -Dio.netty.buffer.checkAccessible: true
15:33:46.855 [grpc-default-executor-0] DEBUG io.netty.buffer.AbstractByteBuf -- -Dio.netty.buffer.checkBounds: true
15:33:46.856 [grpc-default-executor-0] DEBUG io.netty.util.ResourceLeakDetectorFactory -- Loaded default ResourceLeakDetector: io.netty.util.ResourceLeakDetector@2ac36ad5
15:33:46.891 [grpc-default-executor-0] DEBUG io.netty.buffer.PooledByteBufAllocator -- -Dio.netty.allocator.numHeapArenas: 24
15:33:46.891 [grpc-default-executor-0] DEBUG io.netty.buffer.PooledByteBufAllocator -- -Dio.netty.allocator.numDirectArenas: 24
15:33:46.891 [grpc-default-executor-0] DEBUG io.netty.buffer.PooledByteBufAllocator -- -Dio.netty.allocator.pageSize: 8192
15:33:46.891 [grpc-default-executor-0] DEBUG io.netty.buffer.PooledByteBufAllocator -- -Dio.netty.allocator.maxOrder: 9
15:33:46.891 [grpc-default-executor-0] DEBUG io.netty.buffer.PooledByteBufAllocator -- -Dio.netty.allocator.chunkSize: 4194304
15:33:46.891 [grpc-default-executor-0] DEBUG io.netty.buffer.PooledByteBufAllocator -- -Dio.netty.allocator.smallCacheSize: 256
15:33:46.891 [grpc-default-executor-0] DEBUG io.netty.buffer.PooledByteBufAllocator -- -Dio.netty.allocator.normalCacheSize: 64
15:33:46.891 [grpc-default-executor-0] DEBUG io.netty.buffer.PooledByteBufAllocator -- -Dio.netty.allocator.maxCachedBufferCapacity: 32768
15:33:46.891 [grpc-default-executor-0] DEBUG io.netty.buffer.PooledByteBufAllocator -- -Dio.netty.allocator.cacheTrimInterval: 8192
15:33:46.892 [grpc-default-executor-0] DEBUG io.netty.buffer.PooledByteBufAllocator -- -Dio.netty.allocator.cacheTrimIntervalMillis: 0
15:33:46.892 [grpc-default-executor-0] DEBUG io.netty.buffer.PooledByteBufAllocator -- -Dio.netty.allocator.useCacheForAllThreads: false
15:33:46.892 [grpc-default-executor-0] DEBUG io.netty.buffer.PooledByteBufAllocator -- -Dio.netty.allocator.maxCachedByteBuffersPerChunk: 1023
15:33:46.918 [grpc-default-executor-0] DEBUG io.netty.channel.DefaultChannelId -- -Dio.netty.processId: 20444 (auto-detected)
15:33:46.941 [grpc-default-executor-0] DEBUG io.netty.channel.DefaultChannelId -- -Dio.netty.machineId: 40:1a:58:ff:fe:b0:df:eb (auto-detected)
15:33:46.969 [grpc-default-executor-0] DEBUG io.netty.buffer.ByteBufUtil -- -Dio.netty.allocator.type: pooled
15:33:46.969 [grpc-default-executor-0] DEBUG io.netty.buffer.ByteBufUtil -- -Dio.netty.threadLocalDirectBufferSize: 0
15:33:46.969 [grpc-default-executor-0] DEBUG io.netty.buffer.ByteBufUtil -- -Dio.netty.maxThreadLocalCharBufferSize: 16384
15:33:46.975 [grpc-default-executor-0] DEBUG io.netty.bootstrap.ChannelInitializerExtensions -- -Dio.netty.bootstrap.extensions: null
15:33:46.978 [grpc-default-executor-0] DEBUG io.netty.util.Recycler -- -Dio.netty.recycler.maxCapacityPerThread: 4096
15:33:46.979 [grpc-default-executor-0] DEBUG io.netty.util.Recycler -- -Dio.netty.recycler.ratio: 8
15:33:46.979 [grpc-default-executor-0] DEBUG io.netty.util.Recycler -- -Dio.netty.recycler.chunkSize: 32
15:33:46.979 [grpc-default-executor-0] DEBUG io.netty.util.Recycler -- -Dio.netty.recycler.blocking: false
15:33:46.979 [grpc-default-executor-0] DEBUG io.netty.util.Recycler -- -Dio.netty.recycler.batchFastThreadLocalOnly: true
15:33:46.994 [vert.x-eventloop-thread-0] DEBUG io.grpc.netty.NettyClientHandler -- [id: 0xba6387d2, L:/127.0.0.1:61290 - R:localhost/127.0.0.1:2379] OUTBOUND SETTINGS: ack=false settings={ENABLE_PUSH=0, MAX_CONCURRENT_STREAMS=0, INITIAL_WINDOW_SIZE=1048576, MAX_HEADER_LIST_SIZE=8192}
15:33:47.008 [vert.x-eventloop-thread-0] DEBUG io.grpc.netty.NettyClientHandler -- [id: 0xba6387d2, L:/127.0.0.1:61290 - R:localhost/127.0.0.1:2379] OUTBOUND WINDOW_UPDATE: streamId=0 windowSizeIncrement=983041
15:33:47.019 [vert.x-eventloop-thread-0] DEBUG io.grpc.netty.NettyClientHandler -- [id: 0xba6387d2, L:/127.0.0.1:61290 - R:localhost/127.0.0.1:2379] INBOUND SETTINGS: ack=false settings={MAX_FRAME_SIZE=16384}
15:33:47.020 [vert.x-eventloop-thread-0] DEBUG io.grpc.netty.NettyClientHandler -- [id: 0xba6387d2, L:/127.0.0.1:61290 - R:localhost/127.0.0.1:2379] OUTBOUND SETTINGS: ack=true
15:33:47.051 [vert.x-eventloop-thread-0] DEBUG io.grpc.netty.NettyClientHandler -- [id: 0xba6387d2, L:/127.0.0.1:61290 - R:localhost/127.0.0.1:2379] INBOUND SETTINGS: ack=true
15:33:47.055 [vert.x-eventloop-thread-0] DEBUG io.grpc.netty.NettyClientHandler -- [id: 0xba6387d2, L:/127.0.0.1:61290 - R:localhost/127.0.0.1:2379] OUTBOUND HEADERS: streamId=3 headers=GrpcHttp2OutboundHeaders[:authority: localhost:2379, :path: /etcdserverpb.KV/Put, :method: POST, :scheme: http, content-type: application/grpc, te: trailers, user-agent: grpc-java-netty/1.60.0, grpc-accept-encoding: gzip] streamDependency=0 weight=16 exclusive=false padding=0 endStream=false
15:33:47.069 [vert.x-eventloop-thread-0] DEBUG io.grpc.netty.NettyClientHandler -- [id: 0xba6387d2, L:/127.0.0.1:61290 - R:localhost/127.0.0.1:2379] OUTBOUND DATA: streamId=3 padding=0 endStream=true length=17 bytes=000000000c0a0432323232120432323232
15:33:47.079 [vert.x-eventloop-thread-0] DEBUG io.grpc.netty.NettyClientHandler -- [id: 0xba6387d2, L:/127.0.0.1:61290 - R:localhost/127.0.0.1:2379] INBOUND WINDOW_UPDATE: streamId=0 windowSizeIncrement=17
15:33:47.079 [vert.x-eventloop-thread-0] DEBUG io.grpc.netty.NettyClientHandler -- [id: 0xba6387d2, L:/127.0.0.1:61290 - R:localhost/127.0.0.1:2379] INBOUND PING: ack=false bytes=145258749040133895
15:33:47.079 [vert.x-eventloop-thread-0] DEBUG io.grpc.netty.NettyClientHandler -- [id: 0xba6387d2, L:/127.0.0.1:61290 - R:localhost/127.0.0.1:2379] OUTBOUND PING: ack=true bytes=145258749040133895
15:33:47.083 [vert.x-eventloop-thread-0] DEBUG io.grpc.netty.NettyClientHandler -- [id: 0xba6387d2, L:/127.0.0.1:61290 - R:localhost/127.0.0.1:2379] INBOUND HEADERS: streamId=3 headers=GrpcHttp2ResponseHeaders[:status: 200, content-type: application/grpc] padding=0 endStream=false
15:33:47.085 [vert.x-eventloop-thread-0] DEBUG io.grpc.netty.NettyClientHandler -- [id: 0xba6387d2, L:/127.0.0.1:61290 - R:localhost/127.0.0.1:2379] INBOUND DATA: streamId=3 padding=0 endStream=false length=34 bytes=000000001d0a1b08b298eaf1948386fccd0110cdd2918bd2b881cf8e01188a042002
15:33:47.086 [vert.x-eventloop-thread-0] DEBUG io.grpc.netty.NettyClientHandler -- [id: 0xba6387d2, L:/127.0.0.1:61290 - R:localhost/127.0.0.1:2379] OUTBOUND PING: ack=false bytes=1234
Put 成功：key = test_key, value = test_value
15:33:47.093 [vert.x-eventloop-thread-0] DEBUG io.grpc.netty.NettyClientHandler -- [id: 0xba6387d2, L:/127.0.0.1:61290 - R:localhost/127.0.0.1:2379] INBOUND HEADERS: streamId=3 headers=GrpcHttp2ResponseHeaders[grpc-status: 0, grpc-message: ] padding=0 endStream=true
15:33:47.096 [vert.x-eventloop-thread-0] DEBUG io.grpc.netty.NettyClientHandler -- [id: 0xba6387d2, L:/127.0.0.1:61290 - R:localhost/127.0.0.1:2379] OUTBOUND HEADERS: streamId=5 headers=GrpcHttp2OutboundHeaders[:authority: localhost:2379, :path: /etcdserverpb.KV/Put, :method: POST, :scheme: http, content-type: application/grpc, te: trailers, user-agent: grpc-java-netty/1.60.0, grpc-accept-encoding: gzip] streamDependency=0 weight=16 exclusive=false padding=0 endStream=false
15:33:47.096 [vert.x-eventloop-thread-0] DEBUG io.grpc.netty.NettyClientHandler -- [id: 0xba6387d2, L:/127.0.0.1:61290 - R:localhost/127.0.0.1:2379] OUTBOUND DATA: streamId=5 padding=0 endStream=true length=18 bytes=000000000d0a043131313112053131313131
15:33:47.096 [vert.x-eventloop-thread-0] DEBUG io.grpc.netty.NettyClientHandler -- [id: 0xba6387d2, L:/127.0.0.1:61290 - R:localhost/127.0.0.1:2379] INBOUND PING: ack=true bytes=1234
15:33:47.096 [vert.x-eventloop-thread-0] DEBUG io.grpc.netty.NettyClientHandler -- [id: 0xba6387d2, L:/127.0.0.1:61290 - R:localhost/127.0.0.1:2379] INBOUND WINDOW_UPDATE: streamId=0 windowSizeIncrement=18
15:33:47.096 [vert.x-eventloop-thread-0] DEBUG io.grpc.netty.NettyClientHandler -- [id: 0xba6387d2, L:/127.0.0.1:61290 - R:localhost/127.0.0.1:2379] INBOUND PING: ack=false bytes=145258749040133895
15:33:47.097 [vert.x-eventloop-thread-0] DEBUG io.grpc.netty.NettyClientHandler -- [id: 0xba6387d2, L:/127.0.0.1:61290 - R:localhost/127.0.0.1:2379] OUTBOUND PING: ack=true bytes=145258749040133895
15:33:47.098 [vert.x-eventloop-thread-0] DEBUG io.grpc.netty.NettyClientHandler -- [id: 0xba6387d2, L:/127.0.0.1:61290 - R:localhost/127.0.0.1:2379] INBOUND HEADERS: streamId=5 headers=GrpcHttp2ResponseHeaders[:status: 200, content-type: application/grpc] padding=0 endStream=false
15:33:47.098 [vert.x-eventloop-thread-0] DEBUG io.grpc.netty.NettyClientHandler -- [id: 0xba6387d2, L:/127.0.0.1:61290 - R:localhost/127.0.0.1:2379] INBOUND DATA: streamId=5 padding=0 endStream=false length=34 bytes=000000001d0a1b08b298eaf1948386fccd0110cdd2918bd2b881cf8e01188b042002
Put 成功：key = test_key, value = test_value
15:33:47.098 [vert.x-eventloop-thread-0] DEBUG io.grpc.netty.NettyClientHandler -- [id: 0xba6387d2, L:/127.0.0.1:61290 - R:localhost/127.0.0.1:2379] INBOUND HEADERS: streamId=5 headers=GrpcHttp2ResponseHeaders[grpc-status: 0, grpc-message: ] padding=0 endStream=true
15:33:47.102 [vert.x-eventloop-thread-0] DEBUG io.grpc.netty.NettyClientHandler -- [id: 0xba6387d2, L:/127.0.0.1:61290 - R:localhost/127.0.0.1:2379] OUTBOUND GO_AWAY: lastStreamId=0 errorCode=0 length=0 bytes=
]]></system-out>
  </testcase>
  <testcase name="test2" classname="org.khr.EtcdTest" time="0.071">
    <system-out><![CDATA[15:33:47.120 [vert.x-eventloop-thread-0] DEBUG io.netty.buffer.PoolThreadCache -- Freed 9 thread-local buffer(s) from thread: vert.x-eventloop-thread-0
15:33:47.170 [vert.x-eventloop-thread-0] DEBUG io.grpc.netty.NettyClientHandler -- [id: 0xf8037487, L:/127.0.0.1:61291 - R:localhost/127.0.0.1:2379] OUTBOUND SETTINGS: ack=false settings={ENABLE_PUSH=0, MAX_CONCURRENT_STREAMS=0, INITIAL_WINDOW_SIZE=1048576, MAX_HEADER_LIST_SIZE=8192}
15:33:47.171 [vert.x-eventloop-thread-0] DEBUG io.grpc.netty.NettyClientHandler -- [id: 0xf8037487, L:/127.0.0.1:61291 - R:localhost/127.0.0.1:2379] OUTBOUND WINDOW_UPDATE: streamId=0 windowSizeIncrement=983041
15:33:47.172 [vert.x-eventloop-thread-0] DEBUG io.grpc.netty.NettyClientHandler -- [id: 0xf8037487, L:/127.0.0.1:61291 - R:localhost/127.0.0.1:2379] INBOUND SETTINGS: ack=false settings={MAX_FRAME_SIZE=16384}
15:33:47.172 [vert.x-eventloop-thread-0] DEBUG io.grpc.netty.NettyClientHandler -- [id: 0xf8037487, L:/127.0.0.1:61291 - R:localhost/127.0.0.1:2379] OUTBOUND SETTINGS: ack=true
15:33:47.173 [vert.x-eventloop-thread-0] DEBUG io.grpc.netty.NettyClientHandler -- [id: 0xf8037487, L:/127.0.0.1:61291 - R:localhost/127.0.0.1:2379] OUTBOUND HEADERS: streamId=3 headers=GrpcHttp2OutboundHeaders[:authority: localhost:2379, :path: /etcdserverpb.KV/DeleteRange, :method: POST, :scheme: http, content-type: application/grpc, te: trailers, user-agent: grpc-java-netty/1.60.0, grpc-accept-encoding: gzip] streamDependency=0 weight=16 exclusive=false padding=0 endStream=false
15:33:47.173 [vert.x-eventloop-thread-0] DEBUG io.grpc.netty.NettyClientHandler -- [id: 0xf8037487, L:/127.0.0.1:61291 - R:localhost/127.0.0.1:2379] OUTBOUND DATA: streamId=3 padding=0 endStream=true length=11 bytes=00000000060a0432323232
15:33:47.174 [vert.x-eventloop-thread-0] DEBUG io.grpc.netty.NettyClientHandler -- [id: 0xf8037487, L:/127.0.0.1:61291 - R:localhost/127.0.0.1:2379] INBOUND SETTINGS: ack=true
15:33:47.174 [vert.x-eventloop-thread-0] DEBUG io.grpc.netty.NettyClientHandler -- [id: 0xf8037487, L:/127.0.0.1:61291 - R:localhost/127.0.0.1:2379] INBOUND WINDOW_UPDATE: streamId=0 windowSizeIncrement=11
15:33:47.174 [vert.x-eventloop-thread-0] DEBUG io.grpc.netty.NettyClientHandler -- [id: 0xf8037487, L:/127.0.0.1:61291 - R:localhost/127.0.0.1:2379] INBOUND PING: ack=false bytes=145258749040133895
15:33:47.174 [vert.x-eventloop-thread-0] DEBUG io.grpc.netty.NettyClientHandler -- [id: 0xf8037487, L:/127.0.0.1:61291 - R:localhost/127.0.0.1:2379] OUTBOUND PING: ack=true bytes=145258749040133895
15:33:47.176 [vert.x-eventloop-thread-0] DEBUG io.grpc.netty.NettyClientHandler -- [id: 0xf8037487, L:/127.0.0.1:61291 - R:localhost/127.0.0.1:2379] INBOUND HEADERS: streamId=3 headers=GrpcHttp2ResponseHeaders[:status: 200, content-type: application/grpc] padding=0 endStream=false
15:33:47.176 [vert.x-eventloop-thread-0] DEBUG io.grpc.netty.NettyClientHandler -- [id: 0xf8037487, L:/127.0.0.1:61291 - R:localhost/127.0.0.1:2379] INBOUND DATA: streamId=3 padding=0 endStream=false length=36 bytes=000000001f0a1b08b298eaf1948386fccd0110cdd2918bd2b881cf8e01188c0420021001
15:33:47.176 [vert.x-eventloop-thread-0] DEBUG io.grpc.netty.NettyClientHandler -- [id: 0xf8037487, L:/127.0.0.1:61291 - R:localhost/127.0.0.1:2379] OUTBOUND PING: ack=false bytes=1234
Delete 成功：key = test_key
15:33:47.178 [vert.x-eventloop-thread-0] DEBUG io.grpc.netty.NettyClientHandler -- [id: 0xf8037487, L:/127.0.0.1:61291 - R:localhost/127.0.0.1:2379] INBOUND HEADERS: streamId=3 headers=GrpcHttp2ResponseHeaders[grpc-status: 0, grpc-message: ] padding=0 endStream=true
15:33:47.179 [vert.x-eventloop-thread-0] DEBUG io.grpc.netty.NettyClientHandler -- [id: 0xf8037487, L:/127.0.0.1:61291 - R:localhost/127.0.0.1:2379] OUTBOUND GO_AWAY: lastStreamId=0 errorCode=0 length=0 bytes=
]]></system-out>
  </testcase>
</testsuite>