<?xml version="1.0" encoding="UTF-8"?>
<testsuite xmlns:xsi="http://www.w3.org/2001/XMLSchema-instance" xsi:noNamespaceSchemaLocation="https://maven.apache.org/surefire/maven-surefire-plugin/xsd/surefire-test-report-3.0.xsd" version="3.0" name="org.khr.RegistryTest" time="0.047" tests="1" errors="1" skipped="0" failures="0">
  <properties>
    <property name="java.specification.version" value="17"/>
    <property name="sun.cpu.isalist" value="amd64"/>
    <property name="sun.jnu.encoding" value="MS932"/>
    <property name="java.class.path" value="C:\Users\3031208\Desktop\dev\KK-RPC\kk-rpc-core\target\test-classes;C:\Users\3031208\Desktop\dev\KK-RPC\kk-rpc-core\target\classes;C:\Users\3031208\.m2\repository\io\vertx\vertx-core\4.5.1\vertx-core-4.5.1.jar;C:\Users\3031208\.m2\repository\io\netty\netty-common\4.1.103.Final\netty-common-4.1.103.Final.jar;C:\Users\3031208\.m2\repository\io\netty\netty-buffer\4.1.103.Final\netty-buffer-4.1.103.Final.jar;C:\Users\3031208\.m2\repository\io\netty\netty-transport\4.1.103.Final\netty-transport-4.1.103.Final.jar;C:\Users\3031208\.m2\repository\io\netty\netty-handler\4.1.103.Final\netty-handler-4.1.103.Final.jar;C:\Users\3031208\.m2\repository\io\netty\netty-transport-native-unix-common\4.1.103.Final\netty-transport-native-unix-common-4.1.103.Final.jar;C:\Users\3031208\.m2\repository\io\netty\netty-codec\4.1.103.Final\netty-codec-4.1.103.Final.jar;C:\Users\3031208\.m2\repository\io\netty\netty-handler-proxy\4.1.103.Final\netty-handler-proxy-4.1.103.Final.jar;C:\Users\3031208\.m2\repository\io\netty\netty-codec-socks\4.1.103.Final\netty-codec-socks-4.1.103.Final.jar;C:\Users\3031208\.m2\repository\io\netty\netty-codec-http\4.1.103.Final\netty-codec-http-4.1.103.Final.jar;C:\Users\3031208\.m2\repository\io\netty\netty-codec-http2\4.1.103.Final\netty-codec-http2-4.1.103.Final.jar;C:\Users\3031208\.m2\repository\io\netty\netty-resolver\4.1.103.Final\netty-resolver-4.1.103.Final.jar;C:\Users\3031208\.m2\repository\io\netty\netty-resolver-dns\4.1.103.Final\netty-resolver-dns-4.1.103.Final.jar;C:\Users\3031208\.m2\repository\io\netty\netty-codec-dns\4.1.103.Final\netty-codec-dns-4.1.103.Final.jar;C:\Users\3031208\.m2\repository\com\fasterxml\jackson\core\jackson-core\2.15.3\jackson-core-2.15.3.jar;C:\Users\3031208\.m2\repository\cn\hutool\hutool-all\5.8.16\hutool-all-5.8.16.jar;C:\Users\3031208\.m2\repository\org\yaml\snakeyaml\2.2\snakeyaml-2.2.jar;C:\Users\3031208\.m2\repository\ch\qos\logback\logback-classic\1.3.12\logback-classic-1.3.12.jar;C:\Users\3031208\.m2\repository\ch\qos\logback\logback-core\1.3.12\logback-core-1.3.12.jar;C:\Users\3031208\.m2\repository\org\slf4j\slf4j-api\2.0.7\slf4j-api-2.0.7.jar;C:\Users\3031208\.m2\repository\com\caucho\hessian\4.0.66\hessian-4.0.66.jar;C:\Users\3031208\.m2\repository\com\esotericsoftware\kryo\5.6.0\kryo-5.6.0.jar;C:\Users\3031208\.m2\repository\com\esotericsoftware\reflectasm\1.11.9\reflectasm-1.11.9.jar;C:\Users\3031208\.m2\repository\org\objenesis\objenesis\3.3\objenesis-3.3.jar;C:\Users\3031208\.m2\repository\com\esotericsoftware\minlog\1.3.1\minlog-1.3.1.jar;C:\Users\3031208\.m2\repository\org\reflections\reflections\0.10.2\reflections-0.10.2.jar;C:\Users\3031208\.m2\repository\org\javassist\javassist\3.28.0-GA\javassist-3.28.0-GA.jar;C:\Users\3031208\.m2\repository\com\google\code\findbugs\jsr305\3.0.2\jsr305-3.0.2.jar;C:\Users\3031208\.m2\repository\io\etcd\jetcd-core\0.7.7\jetcd-core-0.7.7.jar;C:\Users\3031208\.m2\repository\io\etcd\jetcd-grpc\0.7.7\jetcd-grpc-0.7.7.jar;C:\Users\3031208\.m2\repository\io\vertx\vertx-grpc\4.5.1\vertx-grpc-4.5.1.jar;C:\Users\3031208\.m2\repository\javax\annotation\javax.annotation-api\1.3.2\javax.annotation-api-1.3.2.jar;C:\Users\3031208\.m2\repository\io\grpc\grpc-core\1.60.0\grpc-core-1.60.0.jar;C:\Users\3031208\.m2\repository\io\grpc\grpc-api\1.60.0\grpc-api-1.60.0.jar;C:\Users\3031208\.m2\repository\io\perfmark\perfmark-api\0.26.0\perfmark-api-0.26.0.jar;C:\Users\3031208\.m2\repository\io\grpc\grpc-context\1.60.0\grpc-context-1.60.0.jar;C:\Users\3031208\.m2\repository\io\grpc\grpc-netty\1.60.0\grpc-netty-1.60.0.jar;C:\Users\3031208\.m2\repository\io\grpc\grpc-protobuf\1.60.0\grpc-protobuf-1.60.0.jar;C:\Users\3031208\.m2\repository\com\google\protobuf\protobuf-java\3.24.0\protobuf-java-3.24.0.jar;C:\Users\3031208\.m2\repository\com\google\api\grpc\proto-google-common-protos\2.22.0\proto-google-common-protos-2.22.0.jar;C:\Users\3031208\.m2\repository\io\grpc\grpc-protobuf-lite\1.60.0\grpc-protobuf-lite-1.60.0.jar;C:\Users\3031208\.m2\repository\io\grpc\grpc-stub\1.60.0\grpc-stub-1.60.0.jar;C:\Users\3031208\.m2\repository\io\grpc\grpc-grpclb\1.60.0\grpc-grpclb-1.60.0.jar;C:\Users\3031208\.m2\repository\com\google\protobuf\protobuf-java-util\3.24.0\protobuf-java-util-3.24.0.jar;C:\Users\3031208\.m2\repository\io\grpc\grpc-util\1.60.0\grpc-util-1.60.0.jar;C:\Users\3031208\.m2\repository\io\etcd\jetcd-api\0.7.7\jetcd-api-0.7.7.jar;C:\Users\3031208\.m2\repository\io\etcd\jetcd-common\0.7.7\jetcd-common-0.7.7.jar;C:\Users\3031208\.m2\repository\com\google\guava\guava\33.0.0-jre\guava-33.0.0-jre.jar;C:\Users\3031208\.m2\repository\com\google\guava\failureaccess\1.0.2\failureaccess-1.0.2.jar;C:\Users\3031208\.m2\repository\com\google\guava\listenablefuture\9999.0-empty-to-avoid-conflict-with-guava\listenablefuture-9999.0-empty-to-avoid-conflict-with-guava.jar;C:\Users\3031208\.m2\repository\org\checkerframework\checker-qual\3.41.0\checker-qual-3.41.0.jar;C:\Users\3031208\.m2\repository\dev\failsafe\failsafe\3.3.2\failsafe-3.3.2.jar;C:\Users\3031208\.m2\repository\org\apache\curator\curator-x-discovery\5.6.0\curator-x-discovery-5.6.0.jar;C:\Users\3031208\.m2\repository\org\apache\curator\curator-recipes\5.6.0\curator-recipes-5.6.0.jar;C:\Users\3031208\.m2\repository\org\apache\curator\curator-framework\5.6.0\curator-framework-5.6.0.jar;C:\Users\3031208\.m2\repository\org\apache\curator\curator-client\5.6.0\curator-client-5.6.0.jar;C:\Users\3031208\.m2\repository\org\apache\zookeeper\zookeeper\3.7.2\zookeeper-3.7.2.jar;C:\Users\3031208\.m2\repository\org\apache\zookeeper\zookeeper-jute\3.7.2\zookeeper-jute-3.7.2.jar;C:\Users\3031208\.m2\repository\org\apache\yetus\audience-annotations\0.12.0\audience-annotations-0.12.0.jar;C:\Users\3031208\.m2\repository\io\netty\netty-transport-native-epoll\4.1.94.Final\netty-transport-native-epoll-4.1.94.Final.jar;C:\Users\3031208\.m2\repository\io\netty\netty-transport-classes-epoll\4.1.94.Final\netty-transport-classes-epoll-4.1.94.Final.jar;C:\Users\3031208\.m2\repository\com\fasterxml\jackson\core\jackson-databind\2.13.5\jackson-databind-2.13.5.jar;C:\Users\3031208\.m2\repository\com\fasterxml\jackson\core\jackson-annotations\2.13.5\jackson-annotations-2.13.5.jar;C:\Users\3031208\.m2\repository\com\github\rholder\guava-retrying\2.0.0\guava-retrying-2.0.0.jar;C:\Users\3031208\.m2\repository\org\projectlombok\lombok\1.18.30\lombok-1.18.30.jar;C:\Users\3031208\.m2\repository\org\junit\jupiter\junit-jupiter\5.10.0\junit-jupiter-5.10.0.jar;C:\Users\3031208\.m2\repository\org\junit\jupiter\junit-jupiter-api\5.10.0\junit-jupiter-api-5.10.0.jar;C:\Users\3031208\.m2\repository\org\opentest4j\opentest4j\1.3.0\opentest4j-1.3.0.jar;C:\Users\3031208\.m2\repository\org\junit\platform\junit-platform-commons\1.10.0\junit-platform-commons-1.10.0.jar;C:\Users\3031208\.m2\repository\org\apiguardian\apiguardian-api\1.1.2\apiguardian-api-1.1.2.jar;C:\Users\3031208\.m2\repository\org\junit\jupiter\junit-jupiter-params\5.10.0\junit-jupiter-params-5.10.0.jar;C:\Users\3031208\.m2\repository\org\junit\jupiter\junit-jupiter-engine\5.10.0\junit-jupiter-engine-5.10.0.jar;C:\Users\3031208\.m2\repository\org\junit\platform\junit-platform-engine\1.10.0\junit-platform-engine-1.10.0.jar;"/>
    <property name="java.vm.vendor" value="Amazon.com Inc."/>
    <property name="sun.arch.data.model" value="64"/>
    <property name="user.variant" value=""/>
    <property name="java.vendor.url" value="https://aws.amazon.com/corretto/"/>
    <property name="user.timezone" value="Asia/Tokyo"/>
    <property name="os.name" value="Windows 11"/>
    <property name="java.vm.specification.version" value="17"/>
    <property name="sun.java.launcher" value="SUN_STANDARD"/>
    <property name="user.country" value="JP"/>
    <property name="sun.boot.library.path" value="C:\Users\3031208\.jdks\corretto-17.0.14\bin"/>
    <property name="sun.java.command" value="C:\Users\3031208\AppData\Local\Temp\surefire1573678653821863618\surefirebooter-20250423153345319_3.jar C:\Users\3031208\AppData\Local\Temp\surefire1573678653821863618 2025-04-23T15-33-44_136-jvmRun1 surefire-20250423153345319_1tmp surefire_0-20250423153345319_2tmp"/>
    <property name="jdk.debug" value="release"/>
    <property name="surefire.test.class.path" value="C:\Users\3031208\Desktop\dev\KK-RPC\kk-rpc-core\target\test-classes;C:\Users\3031208\Desktop\dev\KK-RPC\kk-rpc-core\target\classes;C:\Users\3031208\.m2\repository\io\vertx\vertx-core\4.5.1\vertx-core-4.5.1.jar;C:\Users\3031208\.m2\repository\io\netty\netty-common\4.1.103.Final\netty-common-4.1.103.Final.jar;C:\Users\3031208\.m2\repository\io\netty\netty-buffer\4.1.103.Final\netty-buffer-4.1.103.Final.jar;C:\Users\3031208\.m2\repository\io\netty\netty-transport\4.1.103.Final\netty-transport-4.1.103.Final.jar;C:\Users\3031208\.m2\repository\io\netty\netty-handler\4.1.103.Final\netty-handler-4.1.103.Final.jar;C:\Users\3031208\.m2\repository\io\netty\netty-transport-native-unix-common\4.1.103.Final\netty-transport-native-unix-common-4.1.103.Final.jar;C:\Users\3031208\.m2\repository\io\netty\netty-codec\4.1.103.Final\netty-codec-4.1.103.Final.jar;C:\Users\3031208\.m2\repository\io\netty\netty-handler-proxy\4.1.103.Final\netty-handler-proxy-4.1.103.Final.jar;C:\Users\3031208\.m2\repository\io\netty\netty-codec-socks\4.1.103.Final\netty-codec-socks-4.1.103.Final.jar;C:\Users\3031208\.m2\repository\io\netty\netty-codec-http\4.1.103.Final\netty-codec-http-4.1.103.Final.jar;C:\Users\3031208\.m2\repository\io\netty\netty-codec-http2\4.1.103.Final\netty-codec-http2-4.1.103.Final.jar;C:\Users\3031208\.m2\repository\io\netty\netty-resolver\4.1.103.Final\netty-resolver-4.1.103.Final.jar;C:\Users\3031208\.m2\repository\io\netty\netty-resolver-dns\4.1.103.Final\netty-resolver-dns-4.1.103.Final.jar;C:\Users\3031208\.m2\repository\io\netty\netty-codec-dns\4.1.103.Final\netty-codec-dns-4.1.103.Final.jar;C:\Users\3031208\.m2\repository\com\fasterxml\jackson\core\jackson-core\2.15.3\jackson-core-2.15.3.jar;C:\Users\3031208\.m2\repository\cn\hutool\hutool-all\5.8.16\hutool-all-5.8.16.jar;C:\Users\3031208\.m2\repository\org\yaml\snakeyaml\2.2\snakeyaml-2.2.jar;C:\Users\3031208\.m2\repository\ch\qos\logback\logback-classic\1.3.12\logback-classic-1.3.12.jar;C:\Users\3031208\.m2\repository\ch\qos\logback\logback-core\1.3.12\logback-core-1.3.12.jar;C:\Users\3031208\.m2\repository\org\slf4j\slf4j-api\2.0.7\slf4j-api-2.0.7.jar;C:\Users\3031208\.m2\repository\com\caucho\hessian\4.0.66\hessian-4.0.66.jar;C:\Users\3031208\.m2\repository\com\esotericsoftware\kryo\5.6.0\kryo-5.6.0.jar;C:\Users\3031208\.m2\repository\com\esotericsoftware\reflectasm\1.11.9\reflectasm-1.11.9.jar;C:\Users\3031208\.m2\repository\org\objenesis\objenesis\3.3\objenesis-3.3.jar;C:\Users\3031208\.m2\repository\com\esotericsoftware\minlog\1.3.1\minlog-1.3.1.jar;C:\Users\3031208\.m2\repository\org\reflections\reflections\0.10.2\reflections-0.10.2.jar;C:\Users\3031208\.m2\repository\org\javassist\javassist\3.28.0-GA\javassist-3.28.0-GA.jar;C:\Users\3031208\.m2\repository\com\google\code\findbugs\jsr305\3.0.2\jsr305-3.0.2.jar;C:\Users\3031208\.m2\repository\io\etcd\jetcd-core\0.7.7\jetcd-core-0.7.7.jar;C:\Users\3031208\.m2\repository\io\etcd\jetcd-grpc\0.7.7\jetcd-grpc-0.7.7.jar;C:\Users\3031208\.m2\repository\io\vertx\vertx-grpc\4.5.1\vertx-grpc-4.5.1.jar;C:\Users\3031208\.m2\repository\javax\annotation\javax.annotation-api\1.3.2\javax.annotation-api-1.3.2.jar;C:\Users\3031208\.m2\repository\io\grpc\grpc-core\1.60.0\grpc-core-1.60.0.jar;C:\Users\3031208\.m2\repository\io\grpc\grpc-api\1.60.0\grpc-api-1.60.0.jar;C:\Users\3031208\.m2\repository\io\perfmark\perfmark-api\0.26.0\perfmark-api-0.26.0.jar;C:\Users\3031208\.m2\repository\io\grpc\grpc-context\1.60.0\grpc-context-1.60.0.jar;C:\Users\3031208\.m2\repository\io\grpc\grpc-netty\1.60.0\grpc-netty-1.60.0.jar;C:\Users\3031208\.m2\repository\io\grpc\grpc-protobuf\1.60.0\grpc-protobuf-1.60.0.jar;C:\Users\3031208\.m2\repository\com\google\protobuf\protobuf-java\3.24.0\protobuf-java-3.24.0.jar;C:\Users\3031208\.m2\repository\com\google\api\grpc\proto-google-common-protos\2.22.0\proto-google-common-protos-2.22.0.jar;C:\Users\3031208\.m2\repository\io\grpc\grpc-protobuf-lite\1.60.0\grpc-protobuf-lite-1.60.0.jar;C:\Users\3031208\.m2\repository\io\grpc\grpc-stub\1.60.0\grpc-stub-1.60.0.jar;C:\Users\3031208\.m2\repository\io\grpc\grpc-grpclb\1.60.0\grpc-grpclb-1.60.0.jar;C:\Users\3031208\.m2\repository\com\google\protobuf\protobuf-java-util\3.24.0\protobuf-java-util-3.24.0.jar;C:\Users\3031208\.m2\repository\io\grpc\grpc-util\1.60.0\grpc-util-1.60.0.jar;C:\Users\3031208\.m2\repository\io\etcd\jetcd-api\0.7.7\jetcd-api-0.7.7.jar;C:\Users\3031208\.m2\repository\io\etcd\jetcd-common\0.7.7\jetcd-common-0.7.7.jar;C:\Users\3031208\.m2\repository\com\google\guava\guava\33.0.0-jre\guava-33.0.0-jre.jar;C:\Users\3031208\.m2\repository\com\google\guava\failureaccess\1.0.2\failureaccess-1.0.2.jar;C:\Users\3031208\.m2\repository\com\google\guava\listenablefuture\9999.0-empty-to-avoid-conflict-with-guava\listenablefuture-9999.0-empty-to-avoid-conflict-with-guava.jar;C:\Users\3031208\.m2\repository\org\checkerframework\checker-qual\3.41.0\checker-qual-3.41.0.jar;C:\Users\3031208\.m2\repository\dev\failsafe\failsafe\3.3.2\failsafe-3.3.2.jar;C:\Users\3031208\.m2\repository\org\apache\curator\curator-x-discovery\5.6.0\curator-x-discovery-5.6.0.jar;C:\Users\3031208\.m2\repository\org\apache\curator\curator-recipes\5.6.0\curator-recipes-5.6.0.jar;C:\Users\3031208\.m2\repository\org\apache\curator\curator-framework\5.6.0\curator-framework-5.6.0.jar;C:\Users\3031208\.m2\repository\org\apache\curator\curator-client\5.6.0\curator-client-5.6.0.jar;C:\Users\3031208\.m2\repository\org\apache\zookeeper\zookeeper\3.7.2\zookeeper-3.7.2.jar;C:\Users\3031208\.m2\repository\org\apache\zookeeper\zookeeper-jute\3.7.2\zookeeper-jute-3.7.2.jar;C:\Users\3031208\.m2\repository\org\apache\yetus\audience-annotations\0.12.0\audience-annotations-0.12.0.jar;C:\Users\3031208\.m2\repository\io\netty\netty-transport-native-epoll\4.1.94.Final\netty-transport-native-epoll-4.1.94.Final.jar;C:\Users\3031208\.m2\repository\io\netty\netty-transport-classes-epoll\4.1.94.Final\netty-transport-classes-epoll-4.1.94.Final.jar;C:\Users\3031208\.m2\repository\com\fasterxml\jackson\core\jackson-databind\2.13.5\jackson-databind-2.13.5.jar;C:\Users\3031208\.m2\repository\com\fasterxml\jackson\core\jackson-annotations\2.13.5\jackson-annotations-2.13.5.jar;C:\Users\3031208\.m2\repository\com\github\rholder\guava-retrying\2.0.0\guava-retrying-2.0.0.jar;C:\Users\3031208\.m2\repository\org\projectlombok\lombok\1.18.30\lombok-1.18.30.jar;C:\Users\3031208\.m2\repository\org\junit\jupiter\junit-jupiter\5.10.0\junit-jupiter-5.10.0.jar;C:\Users\3031208\.m2\repository\org\junit\jupiter\junit-jupiter-api\5.10.0\junit-jupiter-api-5.10.0.jar;C:\Users\3031208\.m2\repository\org\opentest4j\opentest4j\1.3.0\opentest4j-1.3.0.jar;C:\Users\3031208\.m2\repository\org\junit\platform\junit-platform-commons\1.10.0\junit-platform-commons-1.10.0.jar;C:\Users\3031208\.m2\repository\org\apiguardian\apiguardian-api\1.1.2\apiguardian-api-1.1.2.jar;C:\Users\3031208\.m2\repository\org\junit\jupiter\junit-jupiter-params\5.10.0\junit-jupiter-params-5.10.0.jar;C:\Users\3031208\.m2\repository\org\junit\jupiter\junit-jupiter-engine\5.10.0\junit-jupiter-engine-5.10.0.jar;C:\Users\3031208\.m2\repository\org\junit\platform\junit-platform-engine\1.10.0\junit-platform-engine-1.10.0.jar;"/>
    <property name="sun.cpu.endian" value="little"/>
    <property name="user.home" value="C:\Users\3031208"/>
    <property name="user.language" value="ja"/>
    <property name="java.specification.vendor" value="Oracle Corporation"/>
    <property name="java.version.date" value="2025-01-21"/>
    <property name="java.home" value="C:\Users\3031208\.jdks\corretto-17.0.14"/>
    <property name="file.separator" value="\"/>
    <property name="basedir" value="C:\Users\3031208\Desktop\dev\KK-RPC\kk-rpc-core"/>
    <property name="java.vm.compressedOopsMode" value="Zero based"/>
    <property name="line.separator" value="&#10;"/>
    <property name="java.vm.specification.vendor" value="Oracle Corporation"/>
    <property name="java.specification.name" value="Java Platform API Specification"/>
    <property name="surefire.real.class.path" value="C:\Users\3031208\AppData\Local\Temp\surefire1573678653821863618\surefirebooter-20250423153345319_3.jar"/>
    <property name="user.script" value=""/>
    <property name="sun.management.compiler" value="HotSpot 64-Bit Tiered Compilers"/>
    <property name="java.runtime.version" value="17.0.14+7-LTS"/>
    <property name="user.name" value="3031208"/>
    <property name="path.separator" value=";"/>
    <property name="os.version" value="10.0"/>
    <property name="java.runtime.name" value="OpenJDK Runtime Environment"/>
    <property name="file.encoding" value="MS932"/>
    <property name="java.vm.name" value="OpenJDK 64-Bit Server VM"/>
    <property name="java.vendor.version" value="Corretto-17.0.14.7.1"/>
    <property name="localRepository" value="C:\Users\3031208\.m2\repository"/>
    <property name="java.vendor.url.bug" value="https://github.com/corretto/corretto-17/issues/"/>
    <property name="java.io.tmpdir" value="C:\Users\3031208\AppData\Local\Temp\"/>
    <property name="idea.version" value="2024.3.5"/>
    <property name="java.version" value="17.0.14"/>
    <property name="user.dir" value="C:\Users\3031208\Desktop\dev\KK-RPC\kk-rpc-core"/>
    <property name="os.arch" value="amd64"/>
    <property name="java.vm.specification.name" value="Java Virtual Machine Specification"/>
    <property name="sun.os.patch.level" value=""/>
    <property name="native.encoding" value="MS932"/>
    <property name="java.library.path" value="C:\Users\3031208\.jdks\corretto-17.0.14\bin;C:\WINDOWS\Sun\Java\bin;C:\WINDOWS\system32;C:\WINDOWS;C:\WINDOWS\system32;C:\WINDOWS;C:\WINDOWS\System32\Wbem;C:\WINDOWS\System32\WindowsPowerShell\v1.0\;C:\WINDOWS\System32\OpenSSH\;C:\Program Files\nodejs\;C:\Program Files\Git\cmd;C:\Users\3031208\AppData\Local\Microsoft\WindowsApps;C:\Users\3031208\AppData\Roaming\npm;C:\Program Files\nodejs;C:\Users\3031208\AppData\Local\Programs\Microsoft VS Code\bin;C:\Program Files\MySQL\MySQL Server 8.0\bin;C:\Users\3031208\.jdks\corretto-17.0.14\bin;;."/>
    <property name="java.vm.info" value="mixed mode, sharing"/>
    <property name="java.vendor" value="Amazon.com Inc."/>
    <property name="java.vm.version" value="17.0.14+7-LTS"/>
    <property name="java.specification.maintenance.version" value="1"/>
    <property name="sun.io.unicode.encoding" value="UnicodeLittle"/>
    <property name="java.class.version" value="61.0"/>
  </properties>
  <testcase name="" classname="org.khr.RegistryTest" time="0.047">
    <error message="Scheduler has been started, please stop it first!" type="cn.hutool.core.exceptions.UtilException"><![CDATA[cn.hutool.core.exceptions.UtilException: Scheduler has been started, please stop it first!
	at cn.hutool.cron.CronUtil.start(CronUtil.java:153)
	at cn.hutool.cron.CronUtil.start(CronUtil.java:143)
	at org.khr.registry.impl.EtcdRegistry.heartBeat(EtcdRegistry.java:148)
	at org.khr.registry.impl.EtcdRegistry.init(EtcdRegistry.java:60)
	at org.khr.RegistryTest.init(RegistryTest.java:25)
	at java.base/java.lang.reflect.Method.invoke(Method.java:569)
	at java.base/java.util.ArrayList.forEach(ArrayList.java:1511)
]]></error>
  </testcase>
</testsuite>